<?xml version="1.0" encoding="UTF-8"?>
<testsuite name="dao.test.CallHistoryDAOTest" tests="1" skipped="0" failures="0" errors="0" timestamp="2015-11-11T19:10:01" hostname="Vitalijs-MacBook-Pro.local" time="0.29">
  <properties/>
  <testcase name="createTest" classname="dao.test.CallHistoryDAOTest" time="0.29"/>
  <system-out><![CDATA[23:09:55.095 [Test worker] DEBUG o.s.t.c.j.SpringJUnit4ClassRunner - SpringJUnit4ClassRunner constructor called with [class dao.test.CallHistoryDAOTest].
23:09:55.156 [Test worker] DEBUG o.s.test.context.BootstrapUtils - Instantiating TestContextBootstrapper from class [org.springframework.test.context.support.DefaultTestContextBootstrapper]
23:09:55.206 [Test worker] DEBUG o.s.t.c.s.AbstractDelegatingSmartContextLoader - Delegating to AnnotationConfigContextLoader to process context configuration [ContextConfigurationAttributes@17a7f438 declaringClass = 'dao.test.CallHistoryDAOTest', classes = '{class ru.spring.Application}', locations = '{}', inheritLocations = true, initializers = '{}', inheritInitializers = true, name = [null], contextLoaderClass = 'org.springframework.test.context.ContextLoader'].
23:09:55.216 [Test worker] DEBUG o.s.t.c.support.ActiveProfilesUtils - Could not find an 'annotation declaring class' for annotation type [org.springframework.test.context.ActiveProfiles] and class [dao.test.CallHistoryDAOTest]
23:09:55.223 [Test worker] DEBUG o.s.t.c.s.DefaultTestContextBootstrapper - @TestExecutionListeners is not present for class [dao.test.CallHistoryDAOTest]: using defaults.
23:09:55.245 [Test worker] INFO  o.s.t.c.s.DefaultTestContextBootstrapper - Loaded default TestExecutionListener class names from location [META-INF/spring.factories]: [org.springframework.test.context.web.ServletTestExecutionListener, org.springframework.test.context.support.DependencyInjectionTestExecutionListener, org.springframework.test.context.support.DirtiesContextTestExecutionListener, org.springframework.test.context.transaction.TransactionalTestExecutionListener, org.springframework.test.context.jdbc.SqlScriptsTestExecutionListener]
23:09:55.289 [Test worker] INFO  o.s.t.c.s.DefaultTestContextBootstrapper - Using TestExecutionListeners: [org.springframework.test.context.web.ServletTestExecutionListener@1fa4d9e4, org.springframework.test.context.support.DependencyInjectionTestExecutionListener@15813c37, org.springframework.test.context.support.DirtiesContextTestExecutionListener@618bf1cb, org.springframework.test.context.transaction.TransactionalTestExecutionListener@636d5317, org.springframework.test.context.jdbc.SqlScriptsTestExecutionListener@5a3fdd67]
23:09:55.292 [Test worker] DEBUG o.s.t.annotation.ProfileValueUtils - Retrieved @ProfileValueSourceConfiguration [null] for test class [dao.test.CallHistoryDAOTest]
23:09:55.293 [Test worker] DEBUG o.s.t.annotation.ProfileValueUtils - Retrieved ProfileValueSource type [class org.springframework.test.annotation.SystemProfileValueSource] for class [dao.test.CallHistoryDAOTest]
23:09:55.297 [Test worker] DEBUG o.s.t.annotation.ProfileValueUtils - Retrieved @ProfileValueSourceConfiguration [null] for test class [dao.test.CallHistoryDAOTest]
23:09:55.297 [Test worker] DEBUG o.s.t.annotation.ProfileValueUtils - Retrieved ProfileValueSource type [class org.springframework.test.annotation.SystemProfileValueSource] for class [dao.test.CallHistoryDAOTest]
23:09:55.299 [Test worker] DEBUG o.s.t.annotation.ProfileValueUtils - Retrieved @ProfileValueSourceConfiguration [null] for test class [dao.test.CallHistoryDAOTest]
23:09:55.299 [Test worker] DEBUG o.s.t.annotation.ProfileValueUtils - Retrieved ProfileValueSource type [class org.springframework.test.annotation.SystemProfileValueSource] for class [dao.test.CallHistoryDAOTest]
23:09:55.301 [Test worker] DEBUG o.s.t.annotation.ProfileValueUtils - Retrieved @ProfileValueSourceConfiguration [null] for test class [dao.test.CallHistoryDAOTest]
23:09:55.302 [Test worker] DEBUG o.s.t.annotation.ProfileValueUtils - Retrieved ProfileValueSource type [class org.springframework.test.annotation.SystemProfileValueSource] for class [dao.test.CallHistoryDAOTest]
23:09:55.310 [Test worker] DEBUG o.s.t.c.s.DependencyInjectionTestExecutionListener - Performing dependency injection for test context [[DefaultTestContext@6eeca264 testClass = CallHistoryDAOTest, testInstance = dao.test.CallHistoryDAOTest@3f3d287c, testMethod = [null], testException = [null], mergedContextConfiguration = [MergedContextConfiguration@7ddb68c0 testClass = CallHistoryDAOTest, locations = '{}', classes = '{class ru.spring.Application}', contextInitializerClasses = '[]', activeProfiles = '{}', propertySourceLocations = '{}', propertySourceProperties = '{}', contextLoader = 'org.springframework.test.context.support.DelegatingSmartContextLoader', parent = [null]]]].
23:09:55.311 [Test worker] DEBUG o.s.t.c.s.AbstractDelegatingSmartContextLoader - Delegating to AnnotationConfigContextLoader to load context from [MergedContextConfiguration@7ddb68c0 testClass = CallHistoryDAOTest, locations = '{}', classes = '{class ru.spring.Application}', contextInitializerClasses = '[]', activeProfiles = '{}', propertySourceLocations = '{}', propertySourceProperties = '{}', contextLoader = 'org.springframework.test.context.support.DelegatingSmartContextLoader', parent = [null]].
23:09:55.311 [Test worker] DEBUG o.s.t.c.s.AbstractGenericContextLoader - Loading ApplicationContext for merged context configuration [[MergedContextConfiguration@7ddb68c0 testClass = CallHistoryDAOTest, locations = '{}', classes = '{class ru.spring.Application}', contextInitializerClasses = '[]', activeProfiles = '{}', propertySourceLocations = '{}', propertySourceProperties = '{}', contextLoader = 'org.springframework.test.context.support.DelegatingSmartContextLoader', parent = [null]]].
23:09:55.439 [Test worker] DEBUG o.s.core.env.StandardEnvironment - Adding [systemProperties] PropertySource with lowest search precedence
23:09:55.444 [Test worker] DEBUG o.s.core.env.StandardEnvironment - Adding [systemEnvironment] PropertySource with lowest search precedence
23:09:55.444 [Test worker] DEBUG o.s.core.env.StandardEnvironment - Initialized StandardEnvironment with PropertySources [systemProperties,systemEnvironment]
23:09:55.445 [Test worker] DEBUG o.s.t.c.s.AnnotationConfigContextLoader - Registering annotated classes: {class ru.spring.Application}
23:09:55.503 [Test worker] INFO  o.s.c.s.GenericApplicationContext - Refreshing org.springframework.context.support.GenericApplicationContext@76aa82eb: startup date [Wed Nov 11 23:09:55 SAMT 2015]; root of context hierarchy
23:09:55.504 [Test worker] DEBUG o.s.c.s.GenericApplicationContext - Bean factory for org.springframework.context.support.GenericApplicationContext@76aa82eb: org.springframework.beans.factory.support.DefaultListableBeanFactory@1f6edf62: defining beans [org.springframework.context.annotation.internalConfigurationAnnotationProcessor,org.springframework.context.annotation.internalAutowiredAnnotationProcessor,org.springframework.context.annotation.internalRequiredAnnotationProcessor,org.springframework.context.annotation.internalCommonAnnotationProcessor,org.springframework.context.annotation.internalPersistenceAnnotationProcessor,application]; root of factory hierarchy
23:09:55.520 [Test worker] DEBUG o.s.b.f.s.DefaultListableBeanFactory - Creating shared instance of singleton bean 'org.springframework.context.annotation.internalConfigurationAnnotationProcessor'
23:09:55.520 [Test worker] DEBUG o.s.b.f.s.DefaultListableBeanFactory - Creating instance of bean 'org.springframework.context.annotation.internalConfigurationAnnotationProcessor'
23:09:55.541 [Test worker] DEBUG o.s.b.f.s.DefaultListableBeanFactory - Eagerly caching bean 'org.springframework.context.annotation.internalConfigurationAnnotationProcessor' to allow for resolving potential circular references
23:09:55.545 [Test worker] DEBUG o.s.b.f.s.DefaultListableBeanFactory - Finished creating instance of bean 'org.springframework.context.annotation.internalConfigurationAnnotationProcessor'
23:09:55.583 [Test worker] DEBUG o.s.core.env.StandardEnvironment - Adding [systemProperties] PropertySource with lowest search precedence
23:09:55.584 [Test worker] DEBUG o.s.core.env.StandardEnvironment - Adding [systemEnvironment] PropertySource with lowest search precedence
23:09:55.584 [Test worker] DEBUG o.s.core.env.StandardEnvironment - Initialized StandardEnvironment with PropertySources [systemProperties,systemEnvironment]
23:09:55.602 [Test worker] DEBUG o.s.c.i.s.PathMatchingResourcePatternResolver - Looking for matching resources in directory tree [/Users/vitaly/Projects/java/git/PhoneLog/build/classes/main/ru/rest]
23:09:55.603 [Test worker] DEBUG o.s.c.i.s.PathMatchingResourcePatternResolver - Searching directory [/Users/vitaly/Projects/java/git/PhoneLog/build/classes/main/ru/rest] for files matching pattern [/Users/vitaly/Projects/java/git/PhoneLog/build/classes/main/ru/rest/**/*.class]
23:09:55.613 [Test worker] DEBUG o.s.c.i.s.PathMatchingResourcePatternResolver - Resolved location pattern [classpath*:ru/rest/**/*.class] to resources [file [/Users/vitaly/Projects/java/git/PhoneLog/build/classes/main/ru/rest/CallHistoryEndpoint.class]]
23:09:55.655 [Test worker] DEBUG o.s.c.a.ClassPathBeanDefinitionScanner - Identified candidate component class: file [/Users/vitaly/Projects/java/git/PhoneLog/build/classes/main/ru/rest/CallHistoryEndpoint.class]
23:09:55.657 [Test worker] DEBUG o.s.c.i.s.PathMatchingResourcePatternResolver - Looking for matching resources in directory tree [/Users/vitaly/Projects/java/git/PhoneLog/build/classes/main/ru/controller]
23:09:55.658 [Test worker] DEBUG o.s.c.i.s.PathMatchingResourcePatternResolver - Searching directory [/Users/vitaly/Projects/java/git/PhoneLog/build/classes/main/ru/controller] for files matching pattern [/Users/vitaly/Projects/java/git/PhoneLog/build/classes/main/ru/controller/**/*.class]
23:09:55.660 [Test worker] DEBUG o.s.c.i.s.PathMatchingResourcePatternResolver - Resolved location pattern [classpath*:ru/controller/**/*.class] to resources [file [/Users/vitaly/Projects/java/git/PhoneLog/build/classes/main/ru/controller/AccessDenied.class], file [/Users/vitaly/Projects/java/git/PhoneLog/build/classes/main/ru/controller/AuthenticationController.class], file [/Users/vitaly/Projects/java/git/PhoneLog/build/classes/main/ru/controller/DetailsController.class], file [/Users/vitaly/Projects/java/git/PhoneLog/build/classes/main/ru/controller/ExceptionController.class], file [/Users/vitaly/Projects/java/git/PhoneLog/build/classes/main/ru/controller/HomeController.class], file [/Users/vitaly/Projects/java/git/PhoneLog/build/classes/main/ru/controller/ListCallsController.class], file [/Users/vitaly/Projects/java/git/PhoneLog/build/classes/main/ru/controller/RegisterController.class]]
23:09:55.662 [Test worker] DEBUG o.s.c.a.ClassPathBeanDefinitionScanner - Identified candidate component class: file [/Users/vitaly/Projects/java/git/PhoneLog/build/classes/main/ru/controller/AccessDenied.class]
23:09:55.664 [Test worker] DEBUG o.s.c.a.ClassPathBeanDefinitionScanner - Identified candidate component class: file [/Users/vitaly/Projects/java/git/PhoneLog/build/classes/main/ru/controller/AuthenticationController.class]
23:09:55.665 [Test worker] DEBUG o.s.c.a.ClassPathBeanDefinitionScanner - Identified candidate component class: file [/Users/vitaly/Projects/java/git/PhoneLog/build/classes/main/ru/controller/DetailsController.class]
23:09:55.666 [Test worker] DEBUG o.s.c.a.ClassPathBeanDefinitionScanner - Identified candidate component class: file [/Users/vitaly/Projects/java/git/PhoneLog/build/classes/main/ru/controller/ExceptionController.class]
23:09:55.667 [Test worker] DEBUG o.s.c.a.ClassPathBeanDefinitionScanner - Identified candidate component class: file [/Users/vitaly/Projects/java/git/PhoneLog/build/classes/main/ru/controller/HomeController.class]
23:09:55.668 [Test worker] DEBUG o.s.c.a.ClassPathBeanDefinitionScanner - Identified candidate component class: file [/Users/vitaly/Projects/java/git/PhoneLog/build/classes/main/ru/controller/ListCallsController.class]
23:09:55.669 [Test worker] DEBUG o.s.c.a.ClassPathBeanDefinitionScanner - Identified candidate component class: file [/Users/vitaly/Projects/java/git/PhoneLog/build/classes/main/ru/controller/RegisterController.class]
23:09:55.671 [Test worker] DEBUG o.s.c.i.s.PathMatchingResourcePatternResolver - Looking for matching resources in directory tree [/Users/vitaly/Projects/java/git/PhoneLog/build/classes/main/ru/db/dao]
23:09:55.671 [Test worker] DEBUG o.s.c.i.s.PathMatchingResourcePatternResolver - Searching directory [/Users/vitaly/Projects/java/git/PhoneLog/build/classes/main/ru/db/dao] for files matching pattern [/Users/vitaly/Projects/java/git/PhoneLog/build/classes/main/ru/db/dao/**/*.class]
23:09:55.673 [Test worker] DEBUG o.s.c.i.s.PathMatchingResourcePatternResolver - Resolved location pattern [classpath*:ru/db/dao/**/*.class] to resources [file [/Users/vitaly/Projects/java/git/PhoneLog/build/classes/main/ru/db/dao/CallHistoryDAO.class], file [/Users/vitaly/Projects/java/git/PhoneLog/build/classes/main/ru/db/dao/GenericDAO.class], file [/Users/vitaly/Projects/java/git/PhoneLog/build/classes/main/ru/db/dao/UserDAO.class]]
23:09:55.676 [Test worker] DEBUG o.s.c.a.ClassPathBeanDefinitionScanner - Identified candidate component class: file [/Users/vitaly/Projects/java/git/PhoneLog/build/classes/main/ru/db/dao/CallHistoryDAO.class]
23:09:55.677 [Test worker] DEBUG o.s.c.a.ClassPathBeanDefinitionScanner - Identified candidate component class: file [/Users/vitaly/Projects/java/git/PhoneLog/build/classes/main/ru/db/dao/UserDAO.class]
23:09:55.679 [Test worker] DEBUG o.s.c.i.s.PathMatchingResourcePatternResolver - Looking for matching resources in directory tree [/Users/vitaly/Projects/java/git/PhoneLog/build/classes/main/ru/service]
23:09:55.679 [Test worker] DEBUG o.s.c.i.s.PathMatchingResourcePatternResolver - Searching directory [/Users/vitaly/Projects/java/git/PhoneLog/build/classes/main/ru/service] for files matching pattern [/Users/vitaly/Projects/java/git/PhoneLog/build/classes/main/ru/service/**/*.class]
23:09:55.681 [Test worker] DEBUG o.s.c.i.s.PathMatchingResourcePatternResolver - Resolved location pattern [classpath*:ru/service/**/*.class] to resources [file [/Users/vitaly/Projects/java/git/PhoneLog/build/classes/main/ru/service/BaseService.class], file [/Users/vitaly/Projects/java/git/PhoneLog/build/classes/main/ru/service/CallHistoryService.class], file [/Users/vitaly/Projects/java/git/PhoneLog/build/classes/main/ru/service/CustomTokenBasedRememberMeService.class], file [/Users/vitaly/Projects/java/git/PhoneLog/build/classes/main/ru/service/MyUserDetailsService.class], file [/Users/vitaly/Projects/java/git/PhoneLog/build/classes/main/ru/service/UserService.class]]
23:09:55.687 [Test worker] DEBUG o.s.c.a.ClassPathBeanDefinitionScanner - Identified candidate component class: file [/Users/vitaly/Projects/java/git/PhoneLog/build/classes/main/ru/service/CallHistoryService.class]
23:09:55.688 [Test worker] DEBUG o.s.c.a.ClassPathBeanDefinitionScanner - Identified candidate component class: file [/Users/vitaly/Projects/java/git/PhoneLog/build/classes/main/ru/service/MyUserDetailsService.class]
23:09:55.689 [Test worker] DEBUG o.s.c.a.ClassPathBeanDefinitionScanner - Identified candidate component class: file [/Users/vitaly/Projects/java/git/PhoneLog/build/classes/main/ru/service/UserService.class]
23:09:55.880 [Test worker] DEBUG o.s.c.t.c.AnnotationAttributesReadingVisitor - Failed to class-load type while reading annotation metadata. This is a non-fatal error, but certain annotation metadata may be unavailable.
java.lang.ClassNotFoundException: org.springframework.data.web.config.EnableSpringDataWebSupport
	at java.net.URLClassLoader$1.run(URLClassLoader.java:372) ~[na:1.8.0_31]
	at java.net.URLClassLoader$1.run(URLClassLoader.java:361) ~[na:1.8.0_31]
	at java.security.AccessController.doPrivileged(Native Method) ~[na:1.8.0_31]
	at java.net.URLClassLoader.findClass(URLClassLoader.java:360) ~[na:1.8.0_31]
	at java.lang.ClassLoader.loadClass(ClassLoader.java:424) ~[na:1.8.0_31]
	at sun.misc.Launcher$AppClassLoader.loadClass(Launcher.java:308) ~[na:1.8.0_31]
	at java.lang.ClassLoader.loadClass(ClassLoader.java:357) ~[na:1.8.0_31]
	at org.springframework.core.type.classreading.RecursiveAnnotationAttributesVisitor.visitEnd(RecursiveAnnotationAttributesVisitor.java:47) ~[spring-core-4.1.4.RELEASE.jar:4.1.4.RELEASE]
	at org.springframework.asm.ClassReader.readAnnotationValues(ClassReader.java:1802) [spring-core-4.1.4.RELEASE.jar:4.1.4.RELEASE]
	at org.springframework.asm.ClassReader.accept(ClassReader.java:642) [spring-core-4.1.4.RELEASE.jar:4.1.4.RELEASE]
	at org.springframework.asm.ClassReader.accept(ClassReader.java:508) [spring-core-4.1.4.RELEASE.jar:4.1.4.RELEASE]
	at org.springframework.core.type.classreading.SimpleMetadataReader.<init>(SimpleMetadataReader.java:64) [spring-core-4.1.4.RELEASE.jar:4.1.4.RELEASE]
	at org.springframework.core.type.classreading.SimpleMetadataReaderFactory.getMetadataReader(SimpleMetadataReaderFactory.java:98) [spring-core-4.1.4.RELEASE.jar:4.1.4.RELEASE]
	at org.springframework.core.type.classreading.CachingMetadataReaderFactory.getMetadataReader(CachingMetadataReaderFactory.java:102) [spring-core-4.1.4.RELEASE.jar:4.1.4.RELEASE]
	at org.springframework.core.type.classreading.SimpleMetadataReaderFactory.getMetadataReader(SimpleMetadataReaderFactory.java:93) [spring-core-4.1.4.RELEASE.jar:4.1.4.RELEASE]
	at org.springframework.boot.autoconfigure.AutoConfigurationSorter$AutoConfigurationClasses.<init>(AutoConfigurationSorter.java:121) [spring-boot-autoconfigure-1.2.1.RELEASE.jar:1.2.1.RELEASE]
	at org.springframework.boot.autoconfigure.AutoConfigurationSorter.getInPriorityOrder(AutoConfigurationSorter.java:60) [spring-boot-autoconfigure-1.2.1.RELEASE.jar:1.2.1.RELEASE]
	at org.springframework.boot.autoconfigure.EnableAutoConfigurationImportSelector.selectImports(EnableAutoConfigurationImportSelector.java:72) [spring-boot-autoconfigure-1.2.1.RELEASE.jar:1.2.1.RELEASE]
	at org.springframework.context.annotation.ConfigurationClassParser.processDeferredImportSelectors(ConfigurationClassParser.java:423) [spring-context-4.1.4.RELEASE.jar:4.1.4.RELEASE]
	at org.springframework.context.annotation.ConfigurationClassParser.parse(ConfigurationClassParser.java:180) [spring-context-4.1.4.RELEASE.jar:4.1.4.RELEASE]
	at org.springframework.context.annotation.ConfigurationClassPostProcessor.processConfigBeanDefinitions(ConfigurationClassPostProcessor.java:306) [spring-context-4.1.4.RELEASE.jar:4.1.4.RELEASE]
	at org.springframework.context.annotation.ConfigurationClassPostProcessor.postProcessBeanDefinitionRegistry(ConfigurationClassPostProcessor.java:239) [spring-context-4.1.4.RELEASE.jar:4.1.4.RELEASE]
	at org.springframework.context.support.PostProcessorRegistrationDelegate.invokeBeanDefinitionRegistryPostProcessors(PostProcessorRegistrationDelegate.java:254) [spring-context-4.1.4.RELEASE.jar:4.1.4.RELEASE]
	at org.springframework.context.support.PostProcessorRegistrationDelegate.invokeBeanFactoryPostProcessors(PostProcessorRegistrationDelegate.java:94) [spring-context-4.1.4.RELEASE.jar:4.1.4.RELEASE]
	at org.springframework.context.support.AbstractApplicationContext.invokeBeanFactoryPostProcessors(AbstractApplicationContext.java:606) [spring-context-4.1.4.RELEASE.jar:4.1.4.RELEASE]
	at org.springframework.context.support.AbstractApplicationContext.refresh(AbstractApplicationContext.java:462) [spring-context-4.1.4.RELEASE.jar:4.1.4.RELEASE]
	at org.springframework.test.context.support.AbstractGenericContextLoader.loadContext(AbstractGenericContextLoader.java:125) [spring-test-4.1.4.RELEASE.jar:4.1.4.RELEASE]
	at org.springframework.test.context.support.AbstractGenericContextLoader.loadContext(AbstractGenericContextLoader.java:60) [spring-test-4.1.4.RELEASE.jar:4.1.4.RELEASE]
	at org.springframework.test.context.support.AbstractDelegatingSmartContextLoader.delegateLoading(AbstractDelegatingSmartContextLoader.java:109) [spring-test-4.1.4.RELEASE.jar:4.1.4.RELEASE]
	at org.springframework.test.context.support.AbstractDelegatingSmartContextLoader.loadContext(AbstractDelegatingSmartContextLoader.java:261) [spring-test-4.1.4.RELEASE.jar:4.1.4.RELEASE]
	at org.springframework.test.context.DefaultCacheAwareContextLoaderDelegate.loadContextInternal(DefaultCacheAwareContextLoaderDelegate.java:68) [spring-test-4.1.4.RELEASE.jar:4.1.4.RELEASE]
	at org.springframework.test.context.DefaultCacheAwareContextLoaderDelegate.loadContext(DefaultCacheAwareContextLoaderDelegate.java:86) [spring-test-4.1.4.RELEASE.jar:4.1.4.RELEASE]
	at org.springframework.test.context.DefaultTestContext.getApplicationContext(DefaultTestContext.java:72) [spring-test-4.1.4.RELEASE.jar:4.1.4.RELEASE]
	at org.springframework.test.context.support.DependencyInjectionTestExecutionListener.injectDependencies(DependencyInjectionTestExecutionListener.java:117) [spring-test-4.1.4.RELEASE.jar:4.1.4.RELEASE]
	at org.springframework.test.context.support.DependencyInjectionTestExecutionListener.prepareTestInstance(DependencyInjectionTestExecutionListener.java:83) [spring-test-4.1.4.RELEASE.jar:4.1.4.RELEASE]
	at org.springframework.test.context.TestContextManager.prepareTestInstance(TestContextManager.java:212) [spring-test-4.1.4.RELEASE.jar:4.1.4.RELEASE]
	at org.springframework.test.context.junit4.SpringJUnit4ClassRunner.createTest(SpringJUnit4ClassRunner.java:200) [spring-test-4.1.4.RELEASE.jar:4.1.4.RELEASE]
	at org.springframework.test.context.junit4.SpringJUnit4ClassRunner$1.runReflectiveCall(SpringJUnit4ClassRunner.java:252) [spring-test-4.1.4.RELEASE.jar:4.1.4.RELEASE]
	at org.junit.internal.runners.model.ReflectiveCallable.run(ReflectiveCallable.java:12) [junit-4.11.jar:na]
	at org.springframework.test.context.junit4.SpringJUnit4ClassRunner.methodBlock(SpringJUnit4ClassRunner.java:254) [spring-test-4.1.4.RELEASE.jar:4.1.4.RELEASE]
	at org.springframework.test.context.junit4.SpringJUnit4ClassRunner.runChild(SpringJUnit4ClassRunner.java:217) [spring-test-4.1.4.RELEASE.jar:4.1.4.RELEASE]
	at org.springframework.test.context.junit4.SpringJUnit4ClassRunner.runChild(SpringJUnit4ClassRunner.java:83) [spring-test-4.1.4.RELEASE.jar:4.1.4.RELEASE]
	at org.junit.runners.ParentRunner$3.run(ParentRunner.java:238) [junit-4.11.jar:na]
	at org.junit.runners.ParentRunner$1.schedule(ParentRunner.java:63) [junit-4.11.jar:na]
	at org.junit.runners.ParentRunner.runChildren(ParentRunner.java:236) [junit-4.11.jar:na]
	at org.junit.runners.ParentRunner.access$000(ParentRunner.java:53) [junit-4.11.jar:na]
	at org.junit.runners.ParentRunner$2.evaluate(ParentRunner.java:229) [junit-4.11.jar:na]
	at org.springframework.test.context.junit4.statements.RunBeforeTestClassCallbacks.evaluate(RunBeforeTestClassCallbacks.java:61) [spring-test-4.1.4.RELEASE.jar:4.1.4.RELEASE]
	at org.springframework.test.context.junit4.statements.RunAfterTestClassCallbacks.evaluate(RunAfterTestClassCallbacks.java:68) [spring-test-4.1.4.RELEASE.jar:4.1.4.RELEASE]
	at org.junit.runners.ParentRunner.run(ParentRunner.java:309) [junit-4.11.jar:na]
	at org.springframework.test.context.junit4.SpringJUnit4ClassRunner.run(SpringJUnit4ClassRunner.java:163) [spring-test-4.1.4.RELEASE.jar:4.1.4.RELEASE]
	at org.gradle.api.internal.tasks.testing.junit.JUnitTestClassExecuter.runTestClass(JUnitTestClassExecuter.java:86) [gradle-plugins-2.2.1.jar:2.2.1]
	at org.gradle.api.internal.tasks.testing.junit.JUnitTestClassExecuter.execute(JUnitTestClassExecuter.java:49) [gradle-plugins-2.2.1.jar:2.2.1]
	at org.gradle.api.internal.tasks.testing.junit.JUnitTestClassProcessor.processTestClass(JUnitTestClassProcessor.java:69) [gradle-plugins-2.2.1.jar:2.2.1]
	at org.gradle.api.internal.tasks.testing.SuiteTestClassProcessor.processTestClass(SuiteTestClassProcessor.java:48) [gradle-plugins-2.2.1.jar:2.2.1]
	at sun.reflect.NativeMethodAccessorImpl.invoke0(Native Method) ~[na:1.8.0_31]
	at sun.reflect.NativeMethodAccessorImpl.invoke(NativeMethodAccessorImpl.java:62) ~[na:1.8.0_31]
	at sun.reflect.DelegatingMethodAccessorImpl.invoke(DelegatingMethodAccessorImpl.java:43) ~[na:1.8.0_31]
	at java.lang.reflect.Method.invoke(Method.java:483) ~[na:1.8.0_31]
	at org.gradle.messaging.dispatch.ReflectionDispatch.dispatch(ReflectionDispatch.java:35) [gradle-messaging-2.2.1.jar:2.2.1]
	at org.gradle.messaging.dispatch.ReflectionDispatch.dispatch(ReflectionDispatch.java:24) [gradle-messaging-2.2.1.jar:2.2.1]
	at org.gradle.messaging.dispatch.ContextClassLoaderDispatch.dispatch(ContextClassLoaderDispatch.java:32) [gradle-messaging-2.2.1.jar:2.2.1]
	at org.gradle.messaging.dispatch.ProxyDispatchAdapter$DispatchingInvocationHandler.invoke(ProxyDispatchAdapter.java:93) [gradle-messaging-2.2.1.jar:2.2.1]
	at com.sun.proxy.$Proxy2.processTestClass(Unknown Source) [na:na]
	at org.gradle.api.internal.tasks.testing.worker.TestWorker.processTestClass(TestWorker.java:105) [gradle-plugins-2.2.1.jar:2.2.1]
	at sun.reflect.NativeMethodAccessorImpl.invoke0(Native Method) ~[na:1.8.0_31]
	at sun.reflect.NativeMethodAccessorImpl.invoke(NativeMethodAccessorImpl.java:62) ~[na:1.8.0_31]
	at sun.reflect.DelegatingMethodAccessorImpl.invoke(DelegatingMethodAccessorImpl.java:43) ~[na:1.8.0_31]
	at java.lang.reflect.Method.invoke(Method.java:483) ~[na:1.8.0_31]
	at org.gradle.messaging.dispatch.ReflectionDispatch.dispatch(ReflectionDispatch.java:35) [gradle-messaging-2.2.1.jar:2.2.1]
	at org.gradle.messaging.dispatch.ReflectionDispatch.dispatch(ReflectionDispatch.java:24) [gradle-messaging-2.2.1.jar:2.2.1]
	at org.gradle.messaging.remote.internal.hub.MessageHub$Handler.run(MessageHub.java:360) [gradle-messaging-2.2.1.jar:2.2.1]
	at org.gradle.internal.concurrent.DefaultExecutorFactory$StoppableExecutorImpl$1.run(DefaultExecutorFactory.java:64) [gradle-base-services-2.2.1.jar:2.2.1]
	at java.util.concurrent.ThreadPoolExecutor.runWorker(ThreadPoolExecutor.java:1142) [na:1.8.0_31]
	at java.util.concurrent.ThreadPoolExecutor$Worker.run(ThreadPoolExecutor.java:617) [na:1.8.0_31]
	at java.lang.Thread.run(Thread.java:745) [na:1.8.0_31]
23:09:56.039 [Test worker] DEBUG o.s.c.t.c.AnnotationAttributesReadingVisitor - Failed to class-load type while reading annotation metadata. This is a non-fatal error, but certain annotation metadata may be unavailable.
java.lang.ClassNotFoundException: org.springframework.data.web.config.EnableSpringDataWebSupport
	at java.net.URLClassLoader$1.run(URLClassLoader.java:372) ~[na:1.8.0_31]
	at java.net.URLClassLoader$1.run(URLClassLoader.java:361) ~[na:1.8.0_31]
	at java.security.AccessController.doPrivileged(Native Method) ~[na:1.8.0_31]
	at java.net.URLClassLoader.findClass(URLClassLoader.java:360) ~[na:1.8.0_31]
	at java.lang.ClassLoader.loadClass(ClassLoader.java:424) ~[na:1.8.0_31]
	at sun.misc.Launcher$AppClassLoader.loadClass(Launcher.java:308) ~[na:1.8.0_31]
	at java.lang.ClassLoader.loadClass(ClassLoader.java:357) ~[na:1.8.0_31]
	at org.springframework.core.type.classreading.RecursiveAnnotationAttributesVisitor.visitEnd(RecursiveAnnotationAttributesVisitor.java:47) ~[spring-core-4.1.4.RELEASE.jar:4.1.4.RELEASE]
	at org.springframework.asm.ClassReader.readAnnotationValues(ClassReader.java:1802) [spring-core-4.1.4.RELEASE.jar:4.1.4.RELEASE]
	at org.springframework.asm.ClassReader.accept(ClassReader.java:642) [spring-core-4.1.4.RELEASE.jar:4.1.4.RELEASE]
	at org.springframework.asm.ClassReader.accept(ClassReader.java:508) [spring-core-4.1.4.RELEASE.jar:4.1.4.RELEASE]
	at org.springframework.core.type.classreading.SimpleMetadataReader.<init>(SimpleMetadataReader.java:64) [spring-core-4.1.4.RELEASE.jar:4.1.4.RELEASE]
	at org.springframework.core.type.classreading.SimpleMetadataReaderFactory.getMetadataReader(SimpleMetadataReaderFactory.java:98) [spring-core-4.1.4.RELEASE.jar:4.1.4.RELEASE]
	at org.springframework.core.type.classreading.CachingMetadataReaderFactory.getMetadataReader(CachingMetadataReaderFactory.java:102) [spring-core-4.1.4.RELEASE.jar:4.1.4.RELEASE]
	at org.springframework.core.type.classreading.SimpleMetadataReaderFactory.getMetadataReader(SimpleMetadataReaderFactory.java:93) [spring-core-4.1.4.RELEASE.jar:4.1.4.RELEASE]
	at org.springframework.context.annotation.ConfigurationClassParser.asSourceClass(ConfigurationClassParser.java:591) [spring-context-4.1.4.RELEASE.jar:4.1.4.RELEASE]
	at org.springframework.context.annotation.ConfigurationClassParser.asSourceClasses(ConfigurationClassParser.java:573) [spring-context-4.1.4.RELEASE.jar:4.1.4.RELEASE]
	at org.springframework.context.annotation.ConfigurationClassParser.processDeferredImportSelectors(ConfigurationClassParser.java:424) [spring-context-4.1.4.RELEASE.jar:4.1.4.RELEASE]
	at org.springframework.context.annotation.ConfigurationClassParser.parse(ConfigurationClassParser.java:180) [spring-context-4.1.4.RELEASE.jar:4.1.4.RELEASE]
	at org.springframework.context.annotation.ConfigurationClassPostProcessor.processConfigBeanDefinitions(ConfigurationClassPostProcessor.java:306) [spring-context-4.1.4.RELEASE.jar:4.1.4.RELEASE]
	at org.springframework.context.annotation.ConfigurationClassPostProcessor.postProcessBeanDefinitionRegistry(ConfigurationClassPostProcessor.java:239) [spring-context-4.1.4.RELEASE.jar:4.1.4.RELEASE]
	at org.springframework.context.support.PostProcessorRegistrationDelegate.invokeBeanDefinitionRegistryPostProcessors(PostProcessorRegistrationDelegate.java:254) [spring-context-4.1.4.RELEASE.jar:4.1.4.RELEASE]
	at org.springframework.context.support.PostProcessorRegistrationDelegate.invokeBeanFactoryPostProcessors(PostProcessorRegistrationDelegate.java:94) [spring-context-4.1.4.RELEASE.jar:4.1.4.RELEASE]
	at org.springframework.context.support.AbstractApplicationContext.invokeBeanFactoryPostProcessors(AbstractApplicationContext.java:606) [spring-context-4.1.4.RELEASE.jar:4.1.4.RELEASE]
	at org.springframework.context.support.AbstractApplicationContext.refresh(AbstractApplicationContext.java:462) [spring-context-4.1.4.RELEASE.jar:4.1.4.RELEASE]
	at org.springframework.test.context.support.AbstractGenericContextLoader.loadContext(AbstractGenericContextLoader.java:125) [spring-test-4.1.4.RELEASE.jar:4.1.4.RELEASE]
	at org.springframework.test.context.support.AbstractGenericContextLoader.loadContext(AbstractGenericContextLoader.java:60) [spring-test-4.1.4.RELEASE.jar:4.1.4.RELEASE]
	at org.springframework.test.context.support.AbstractDelegatingSmartContextLoader.delegateLoading(AbstractDelegatingSmartContextLoader.java:109) [spring-test-4.1.4.RELEASE.jar:4.1.4.RELEASE]
	at org.springframework.test.context.support.AbstractDelegatingSmartContextLoader.loadContext(AbstractDelegatingSmartContextLoader.java:261) [spring-test-4.1.4.RELEASE.jar:4.1.4.RELEASE]
	at org.springframework.test.context.DefaultCacheAwareContextLoaderDelegate.loadContextInternal(DefaultCacheAwareContextLoaderDelegate.java:68) [spring-test-4.1.4.RELEASE.jar:4.1.4.RELEASE]
	at org.springframework.test.context.DefaultCacheAwareContextLoaderDelegate.loadContext(DefaultCacheAwareContextLoaderDelegate.java:86) [spring-test-4.1.4.RELEASE.jar:4.1.4.RELEASE]
	at org.springframework.test.context.DefaultTestContext.getApplicationContext(DefaultTestContext.java:72) [spring-test-4.1.4.RELEASE.jar:4.1.4.RELEASE]
	at org.springframework.test.context.support.DependencyInjectionTestExecutionListener.injectDependencies(DependencyInjectionTestExecutionListener.java:117) [spring-test-4.1.4.RELEASE.jar:4.1.4.RELEASE]
	at org.springframework.test.context.support.DependencyInjectionTestExecutionListener.prepareTestInstance(DependencyInjectionTestExecutionListener.java:83) [spring-test-4.1.4.RELEASE.jar:4.1.4.RELEASE]
	at org.springframework.test.context.TestContextManager.prepareTestInstance(TestContextManager.java:212) [spring-test-4.1.4.RELEASE.jar:4.1.4.RELEASE]
	at org.springframework.test.context.junit4.SpringJUnit4ClassRunner.createTest(SpringJUnit4ClassRunner.java:200) [spring-test-4.1.4.RELEASE.jar:4.1.4.RELEASE]
	at org.springframework.test.context.junit4.SpringJUnit4ClassRunner$1.runReflectiveCall(SpringJUnit4ClassRunner.java:252) [spring-test-4.1.4.RELEASE.jar:4.1.4.RELEASE]
	at org.junit.internal.runners.model.ReflectiveCallable.run(ReflectiveCallable.java:12) [junit-4.11.jar:na]
	at org.springframework.test.context.junit4.SpringJUnit4ClassRunner.methodBlock(SpringJUnit4ClassRunner.java:254) [spring-test-4.1.4.RELEASE.jar:4.1.4.RELEASE]
	at org.springframework.test.context.junit4.SpringJUnit4ClassRunner.runChild(SpringJUnit4ClassRunner.java:217) [spring-test-4.1.4.RELEASE.jar:4.1.4.RELEASE]
	at org.springframework.test.context.junit4.SpringJUnit4ClassRunner.runChild(SpringJUnit4ClassRunner.java:83) [spring-test-4.1.4.RELEASE.jar:4.1.4.RELEASE]
	at org.junit.runners.ParentRunner$3.run(ParentRunner.java:238) [junit-4.11.jar:na]
	at org.junit.runners.ParentRunner$1.schedule(ParentRunner.java:63) [junit-4.11.jar:na]
	at org.junit.runners.ParentRunner.runChildren(ParentRunner.java:236) [junit-4.11.jar:na]
	at org.junit.runners.ParentRunner.access$000(ParentRunner.java:53) [junit-4.11.jar:na]
	at org.junit.runners.ParentRunner$2.evaluate(ParentRunner.java:229) [junit-4.11.jar:na]
	at org.springframework.test.context.junit4.statements.RunBeforeTestClassCallbacks.evaluate(RunBeforeTestClassCallbacks.java:61) [spring-test-4.1.4.RELEASE.jar:4.1.4.RELEASE]
	at org.springframework.test.context.junit4.statements.RunAfterTestClassCallbacks.evaluate(RunAfterTestClassCallbacks.java:68) [spring-test-4.1.4.RELEASE.jar:4.1.4.RELEASE]
	at org.junit.runners.ParentRunner.run(ParentRunner.java:309) [junit-4.11.jar:na]
	at org.springframework.test.context.junit4.SpringJUnit4ClassRunner.run(SpringJUnit4ClassRunner.java:163) [spring-test-4.1.4.RELEASE.jar:4.1.4.RELEASE]
	at org.gradle.api.internal.tasks.testing.junit.JUnitTestClassExecuter.runTestClass(JUnitTestClassExecuter.java:86) [gradle-plugins-2.2.1.jar:2.2.1]
	at org.gradle.api.internal.tasks.testing.junit.JUnitTestClassExecuter.execute(JUnitTestClassExecuter.java:49) [gradle-plugins-2.2.1.jar:2.2.1]
	at org.gradle.api.internal.tasks.testing.junit.JUnitTestClassProcessor.processTestClass(JUnitTestClassProcessor.java:69) [gradle-plugins-2.2.1.jar:2.2.1]
	at org.gradle.api.internal.tasks.testing.SuiteTestClassProcessor.processTestClass(SuiteTestClassProcessor.java:48) [gradle-plugins-2.2.1.jar:2.2.1]
	at sun.reflect.NativeMethodAccessorImpl.invoke0(Native Method) ~[na:1.8.0_31]
	at sun.reflect.NativeMethodAccessorImpl.invoke(NativeMethodAccessorImpl.java:62) ~[na:1.8.0_31]
	at sun.reflect.DelegatingMethodAccessorImpl.invoke(DelegatingMethodAccessorImpl.java:43) ~[na:1.8.0_31]
	at java.lang.reflect.Method.invoke(Method.java:483) ~[na:1.8.0_31]
	at org.gradle.messaging.dispatch.ReflectionDispatch.dispatch(ReflectionDispatch.java:35) [gradle-messaging-2.2.1.jar:2.2.1]
	at org.gradle.messaging.dispatch.ReflectionDispatch.dispatch(ReflectionDispatch.java:24) [gradle-messaging-2.2.1.jar:2.2.1]
	at org.gradle.messaging.dispatch.ContextClassLoaderDispatch.dispatch(ContextClassLoaderDispatch.java:32) [gradle-messaging-2.2.1.jar:2.2.1]
	at org.gradle.messaging.dispatch.ProxyDispatchAdapter$DispatchingInvocationHandler.invoke(ProxyDispatchAdapter.java:93) [gradle-messaging-2.2.1.jar:2.2.1]
	at com.sun.proxy.$Proxy2.processTestClass(Unknown Source) [na:na]
	at org.gradle.api.internal.tasks.testing.worker.TestWorker.processTestClass(TestWorker.java:105) [gradle-plugins-2.2.1.jar:2.2.1]
	at sun.reflect.NativeMethodAccessorImpl.invoke0(Native Method) ~[na:1.8.0_31]
	at sun.reflect.NativeMethodAccessorImpl.invoke(NativeMethodAccessorImpl.java:62) ~[na:1.8.0_31]
	at sun.reflect.DelegatingMethodAccessorImpl.invoke(DelegatingMethodAccessorImpl.java:43) ~[na:1.8.0_31]
	at java.lang.reflect.Method.invoke(Method.java:483) ~[na:1.8.0_31]
	at org.gradle.messaging.dispatch.ReflectionDispatch.dispatch(ReflectionDispatch.java:35) [gradle-messaging-2.2.1.jar:2.2.1]
	at org.gradle.messaging.dispatch.ReflectionDispatch.dispatch(ReflectionDispatch.java:24) [gradle-messaging-2.2.1.jar:2.2.1]
	at org.gradle.messaging.remote.internal.hub.MessageHub$Handler.run(MessageHub.java:360) [gradle-messaging-2.2.1.jar:2.2.1]
	at org.gradle.internal.concurrent.DefaultExecutorFactory$StoppableExecutorImpl$1.run(DefaultExecutorFactory.java:64) [gradle-base-services-2.2.1.jar:2.2.1]
	at java.util.concurrent.ThreadPoolExecutor.runWorker(ThreadPoolExecutor.java:1142) [na:1.8.0_31]
	at java.util.concurrent.ThreadPoolExecutor$Worker.run(ThreadPoolExecutor.java:617) [na:1.8.0_31]
	at java.lang.Thread.run(Thread.java:745) [na:1.8.0_31]
23:09:56.093 [Test worker] DEBUG o.s.c.e.PropertySourcesPropertyResolver - Searching for key 'spring.messages.basename' in [systemProperties]
23:09:56.094 [Test worker] DEBUG o.s.c.e.PropertySourcesPropertyResolver - Searching for key 'spring.messages.basename' in [systemEnvironment]
23:09:56.094 [Test worker] DEBUG o.s.c.e.PropertySourcesPropertyResolver - Could not find key 'spring.messages.basename' in any property source. Returning [null]
23:09:56.147 [Test worker] DEBUG o.s.c.i.s.PathMatchingResourcePatternResolver - Looking for matching resources in directory tree [/Users/vitaly/Projects/java/git/PhoneLog/build/classes/test]
23:09:56.150 [Test worker] DEBUG o.s.c.i.s.PathMatchingResourcePatternResolver - Searching directory [/Users/vitaly/Projects/java/git/PhoneLog/build/classes/test] for files matching pattern [/Users/vitaly/Projects/java/git/PhoneLog/build/classes/test/messages*.properties]
23:09:56.152 [Test worker] DEBUG o.s.c.i.s.PathMatchingResourcePatternResolver - Looking for matching resources in directory tree [/Users/vitaly/Projects/java/git/PhoneLog/build/classes/main]
23:09:56.156 [Test worker] DEBUG o.s.c.i.s.PathMatchingResourcePatternResolver - Searching directory [/Users/vitaly/Projects/java/git/PhoneLog/build/classes/main] for files matching pattern [/Users/vitaly/Projects/java/git/PhoneLog/build/classes/main/messages*.properties]
23:09:56.158 [Test worker] DEBUG o.s.c.i.s.PathMatchingResourcePatternResolver - Looking for matching resources in directory tree [/Users/vitaly/Projects/java/git/PhoneLog/build/resources/main]
23:09:56.158 [Test worker] DEBUG o.s.c.i.s.PathMatchingResourcePatternResolver - Searching directory [/Users/vitaly/Projects/java/git/PhoneLog/build/resources/main] for files matching pattern [/Users/vitaly/Projects/java/git/PhoneLog/build/resources/main/messages*.properties]
23:09:56.161 [Test worker] DEBUG o.s.c.i.s.PathMatchingResourcePatternResolver - Looking for matching resources in jar file [file:/Users/vitaly/.gradle/caches/2.2.1/workerMain/gradle-worker.jar]
23:09:56.165 [Test worker] DEBUG o.s.c.i.s.PathMatchingResourcePatternResolver - Looking for matching resources in jar file [file:/Users/vitaly/.gradle/caches/modules-2/files-2.1/log4j/log4j/1.2.17/5af35056b4d257e4b64b9e8069c0746e8b08629f/log4j-1.2.17.jar]
23:09:56.190 [Test worker] DEBUG o.s.c.i.s.PathMatchingResourcePatternResolver - Looking for matching resources in jar file [file:/Users/vitaly/.gradle/caches/modules-2/files-2.1/org.xerial/sqlite-jdbc/3.8.7/b50c89d50e9b9079fff5cd93e5d027d0a8b68aa6/sqlite-jdbc-3.8.7.jar]
23:09:56.199 [Test worker] DEBUG o.s.c.i.s.PathMatchingResourcePatternResolver - Looking for matching resources in jar file [file:/Users/vitaly/.gradle/caches/modules-2/files-2.1/javax.xml.bind/jaxb-api/2.2.12/4c83805595b15acf41d71d49e3add7c0e85baaed/jaxb-api-2.2.12.jar]
23:09:56.203 [Test worker] DEBUG o.s.c.i.s.PathMatchingResourcePatternResolver - Looking for matching resources in jar file [file:/Users/vitaly/.gradle/caches/modules-2/files-2.1/com.sun.xml.bind/jaxb-impl/2.2.11/a49ce57aee680f9435f49ba6ef427d38c93247a6/jaxb-impl-2.2.11.jar]
23:09:56.218 [Test worker] DEBUG o.s.c.i.s.PathMatchingResourcePatternResolver - Looking for matching resources in jar file [file:/Users/vitaly/.gradle/caches/modules-2/files-2.1/org.codehaus.jackson/jackson-mapper-asl/1.9.13/1ee2f2bed0e5dd29d1cb155a166e6f8d50bbddb7/jackson-mapper-asl-1.9.13.jar]
23:09:56.229 [Test worker] DEBUG o.s.c.i.s.PathMatchingResourcePatternResolver - Looking for matching resources in jar file [file:/Users/vitaly/.gradle/caches/modules-2/files-2.1/mysql/mysql-connector-java/5.1.34/46deba4adbdb4967367b013cbc67b7f7373da60a/mysql-connector-java-5.1.34.jar]
23:09:56.236 [Test worker] DEBUG o.s.c.i.s.PathMatchingResourcePatternResolver - Looking for matching resources in jar file [file:/Users/vitaly/.gradle/caches/modules-2/files-2.1/commons-dbcp/commons-dbcp/1.4/30be73c965cc990b153a100aaaaafcf239f82d39/commons-dbcp-1.4.jar]
23:09:56.238 [Test worker] DEBUG o.s.c.i.s.PathMatchingResourcePatternResolver - Looking for matching resources in jar file [file:/Users/vitaly/.gradle/caches/modules-2/files-2.1/org.springframework.security/spring-security-web/3.2.5.RELEASE/47624ce0bca40bac9a64276ed36d67be11f133b8/spring-security-web-3.2.5.RELEASE.jar]
23:09:56.247 [Test worker] DEBUG o.s.c.i.s.PathMatchingResourcePatternResolver - Looking for matching resources in jar file [file:/Users/vitaly/.gradle/caches/modules-2/files-2.1/org.springframework.security/spring-security-config/3.2.5.RELEASE/1286983a3ad4549d7f7fd0f3784e747667b44b70/spring-security-config-3.2.5.RELEASE.jar]
23:09:56.250 [Test worker] DEBUG o.s.c.i.s.PathMatchingResourcePatternResolver - Looking for matching resources in jar file [file:/Users/vitaly/.gradle/caches/modules-2/files-2.1/com.intellij/annotations/12.0/bbcf6448f6d40abe506e2c83b70a3e8bfd2b4539/annotations-12.0.jar]
23:09:56.253 [Test worker] DEBUG o.s.c.i.s.PathMatchingResourcePatternResolver - Looking for matching resources in jar file [file:/Users/vitaly/.gradle/caches/modules-2/files-2.1/javax.servlet/servlet-api/2.5/5959582d97d8b61f4d154ca9e495aafd16726e34/servlet-api-2.5.jar]
23:09:56.255 [Test worker] DEBUG o.s.c.i.s.PathMatchingResourcePatternResolver - Looking for matching resources in jar file [file:/Users/vitaly/.gradle/caches/modules-2/files-2.1/com.sun.jersey/jersey-bundle/1.18.3/d62461550ea716e23c3ac26b01a0481a68be62cc/jersey-bundle-1.18.3.jar]
23:09:56.273 [Test worker] DEBUG o.s.c.i.s.PathMatchingResourcePatternResolver - Looking for matching resources in jar file [file:/Users/vitaly/.gradle/caches/modules-2/files-2.1/junit/junit/4.11/4e031bb61df09069aeb2bffb4019e7a5034a4ee0/junit-4.11.jar]
23:09:56.280 [Test worker] DEBUG o.s.c.i.s.PathMatchingResourcePatternResolver - Looking for matching resources in jar file [file:/Users/vitaly/.gradle/caches/modules-2/files-2.1/org.springframework/spring-test/4.1.4.RELEASE/32878e9ac8b78d0e41821b832c34b9eb1580417a/spring-test-4.1.4.RELEASE.jar]
23:09:56.290 [Test worker] DEBUG o.s.c.i.s.PathMatchingResourcePatternResolver - Looking for matching resources in jar file [file:/Users/vitaly/.gradle/caches/modules-2/files-2.1/org.jboss.logging/jboss-logging/3.1.3.GA/64499e907f19e5e1b3fdc02f81440c1832fe3545/jboss-logging-3.1.3.GA.jar]
23:09:56.297 [Test worker] DEBUG o.s.c.i.s.PathMatchingResourcePatternResolver - Looking for matching resources in jar file [file:/Users/vitaly/.gradle/caches/modules-2/files-2.1/org.jboss.logging/jboss-logging-annotations/1.2.0.Beta1/2f437f37bb265d9f8f1392823dbca12d2bec06d6/jboss-logging-annotations-1.2.0.Beta1.jar]
23:09:56.312 [Test worker] DEBUG o.s.c.i.s.PathMatchingResourcePatternResolver - Looking for matching resources in jar file [file:/Users/vitaly/.gradle/caches/modules-2/files-2.1/org.jboss.spec.javax.transaction/jboss-transaction-api_1.2_spec/1.0.0.Final/1f9fef7a9fcbb41cc390fc370a291cf30729e094/jboss-transaction-api_1.2_spec-1.0.0.Final.jar]
23:09:56.313 [Test worker] DEBUG o.s.c.i.s.PathMatchingResourcePatternResolver - Looking for matching resources in jar file [file:/Users/vitaly/.gradle/caches/modules-2/files-2.1/dom4j/dom4j/1.6.1/5d3ccc056b6f056dbf0dddfdf43894b9065a8f94/dom4j-1.6.1.jar]
23:09:56.318 [Test worker] DEBUG o.s.c.i.s.PathMatchingResourcePatternResolver - Looking for matching resources in jar file [file:/Users/vitaly/.gradle/caches/modules-2/files-2.1/org.hibernate.common/hibernate-commons-annotations/4.0.5.Final/2a581b9edb8168e45060d8bad8b7f46712d2c52c/hibernate-commons-annotations-4.0.5.Final.jar]
23:09:56.320 [Test worker] DEBUG o.s.c.i.s.PathMatchingResourcePatternResolver - Looking for matching resources in jar file [file:/Users/vitaly/.gradle/caches/modules-2/files-2.1/org.hibernate.javax.persistence/hibernate-jpa-2.1-api/1.0.0.Final/5e731d961297e5a07290bfaf3db1fbc8bbbf405a/hibernate-jpa-2.1-api-1.0.0.Final.jar]
23:09:56.325 [Test worker] DEBUG o.s.c.i.s.PathMatchingResourcePatternResolver - Looking for matching resources in jar file [file:/Users/vitaly/.gradle/caches/modules-2/files-2.1/antlr/antlr/2.7.7/83cd2cd674a217ade95a4bb83a8a14f351f48bd0/antlr-2.7.7.jar]
23:09:56.328 [Test worker] DEBUG o.s.c.i.s.PathMatchingResourcePatternResolver - Looking for matching resources in jar file [file:/Users/vitaly/.gradle/caches/modules-2/files-2.1/org.jboss/jandex/1.1.0.Final/e84a2122e76f0b6503be78094ddf2108057ac15f/jandex-1.1.0.Final.jar]
23:09:56.330 [Test worker] DEBUG o.s.c.i.s.PathMatchingResourcePatternResolver - Looking for matching resources in jar file [file:/Users/vitaly/.gradle/caches/modules-2/files-2.1/commons-pool/commons-pool/1.5.4/75b6e20c596ed2945a259cea26d7fadd298398e6/commons-pool-1.5.4.jar]
23:09:56.331 [Test worker] DEBUG o.s.c.i.s.PathMatchingResourcePatternResolver - Looking for matching resources in jar file [file:/Users/vitaly/.gradle/caches/modules-2/files-2.1/aopalliance/aopalliance/1.0/235ba8b489512805ac13a8f9ea77a1ca5ebe3e8/aopalliance-1.0.jar]
23:09:56.332 [Test worker] DEBUG o.s.c.i.s.PathMatchingResourcePatternResolver - Looking for matching resources in jar file [file:/Users/vitaly/.gradle/caches/modules-2/files-2.1/org.springframework.security/spring-security-core/3.2.5.RELEASE/d5db43e696a02186ab7e18f8c9d99afbde94bd77/spring-security-core-3.2.5.RELEASE.jar]
23:09:56.338 [Test worker] DEBUG o.s.c.i.s.PathMatchingResourcePatternResolver - Looking for matching resources in jar file [file:/Users/vitaly/.gradle/caches/modules-2/files-2.1/javax.ws.rs/jsr311-api/1.1.1/59033da2a1afd56af1ac576750a8d0b1830d59e6/jsr311-api-1.1.1.jar]
23:09:56.342 [Test worker] DEBUG o.s.c.i.s.PathMatchingResourcePatternResolver - Looking for matching resources in jar file [file:/Users/vitaly/.gradle/caches/modules-2/files-2.1/org.hamcrest/hamcrest-core/1.3/42a25dc3219429f0e5d060061f71acb49bf010a0/hamcrest-core-1.3.jar]
23:09:56.343 [Test worker] DEBUG o.s.c.i.s.PathMatchingResourcePatternResolver - Looking for matching resources in jar file [file:/Users/vitaly/.gradle/caches/modules-2/files-2.1/xml-apis/xml-apis/1.0.b2/3136ca936f64c9d68529f048c2618bd356bf85c9/xml-apis-1.0.b2.jar]
23:09:56.347 [Test worker] DEBUG o.s.c.i.s.PathMatchingResourcePatternResolver - Looking for matching resources in jar file [file:/Users/vitaly/.gradle/caches/modules-2/files-2.1/org.slf4j/jcl-over-slf4j/1.7.8/c255c29d154eb7d6f0e34f9e04e653b00019cd42/jcl-over-slf4j-1.7.8.jar]
23:09:56.348 [Test worker] DEBUG o.s.c.i.s.PathMatchingResourcePatternResolver - Looking for matching resources in jar file [file:/Users/vitaly/.gradle/caches/modules-2/files-2.1/org.slf4j/jul-to-slf4j/1.7.8/1dced0531ac0db5047fd9145e02e86733a2ad37f/jul-to-slf4j-1.7.8.jar]
23:09:56.350 [Test worker] DEBUG o.s.c.i.s.PathMatchingResourcePatternResolver - Looking for matching resources in jar file [file:/Users/vitaly/.gradle/caches/modules-2/files-2.1/org.slf4j/log4j-over-slf4j/1.7.8/798084c89a457374619edbcb2113be96123c3f74/log4j-over-slf4j-1.7.8.jar]
23:09:56.351 [Test worker] DEBUG o.s.c.i.s.PathMatchingResourcePatternResolver - Looking for matching resources in jar file [file:/Users/vitaly/.gradle/caches/modules-2/files-2.1/org.slf4j/slf4j-api/1.7.8/40d4abec9e853fd9f17fb144f1e7c2c5bab52af9/slf4j-api-1.7.8.jar]
23:09:56.352 [Test worker] DEBUG o.s.c.i.s.PathMatchingResourcePatternResolver - Looking for matching resources in jar file [file:/Users/vitaly/.gradle/caches/modules-2/files-2.1/commons-logging/commons-logging/1.2/4bfc12adfe4842bf07b657f0369c4cb522955686/commons-logging-1.2.jar]
23:09:56.353 [Test worker] DEBUG o.s.c.i.s.PathMatchingResourcePatternResolver - Resolved location pattern [classpath*:messages*.properties] to resources []
23:09:56.368 [Test worker] DEBUG o.s.b.f.s.DefaultListableBeanFactory - Returning cached instance of singleton bean 'autoConfigurationReport'
23:09:56.370 [Test worker] DEBUG o.s.b.f.s.DefaultListableBeanFactory - Returning cached instance of singleton bean 'autoConfigurationReport'
23:09:56.374 [Test worker] DEBUG o.s.b.f.s.DefaultListableBeanFactory - Returning cached instance of singleton bean 'autoConfigurationReport'
23:09:56.385 [Test worker] DEBUG o.s.b.f.s.DefaultListableBeanFactory - Returning cached instance of singleton bean 'autoConfigurationReport'
23:09:56.385 [Test worker] DEBUG o.s.b.f.s.DefaultListableBeanFactory - Returning cached instance of singleton bean 'autoConfigurationReport'
23:09:56.387 [Test worker] DEBUG o.s.b.f.s.DefaultListableBeanFactory - Returning cached instance of singleton bean 'autoConfigurationReport'
23:09:56.388 [Test worker] DEBUG o.s.b.f.s.DefaultListableBeanFactory - Returning cached instance of singleton bean 'autoConfigurationReport'
23:09:56.388 [Test worker] DEBUG o.s.b.f.s.DefaultListableBeanFactory - Returning cached instance of singleton bean 'autoConfigurationReport'
23:09:56.393 [Test worker] DEBUG o.s.b.f.s.DefaultListableBeanFactory - Returning cached instance of singleton bean 'autoConfigurationReport'
23:09:56.396 [Test worker] DEBUG o.s.b.f.s.DefaultListableBeanFactory - Returning cached instance of singleton bean 'autoConfigurationReport'
23:09:56.400 [Test worker] DEBUG o.s.b.f.s.DefaultListableBeanFactory - Returning cached instance of singleton bean 'autoConfigurationReport'
23:09:56.403 [Test worker] DEBUG o.s.b.f.s.DefaultListableBeanFactory - Returning cached instance of singleton bean 'autoConfigurationReport'
23:09:56.405 [Test worker] DEBUG o.s.b.f.s.DefaultListableBeanFactory - Returning cached instance of singleton bean 'autoConfigurationReport'
23:09:56.420 [Test worker] DEBUG o.s.b.f.s.DefaultListableBeanFactory - Returning cached instance of singleton bean 'autoConfigurationReport'
23:09:56.422 [Test worker] DEBUG o.s.b.f.s.DefaultListableBeanFactory - Returning cached instance of singleton bean 'autoConfigurationReport'
23:09:56.430 [Test worker] DEBUG o.s.b.f.s.DefaultListableBeanFactory - Returning cached instance of singleton bean 'autoConfigurationReport'
23:09:56.463 [Test worker] DEBUG o.s.b.f.s.DefaultListableBeanFactory - Returning cached instance of singleton bean 'autoConfigurationReport'
23:09:56.471 [Test worker] DEBUG o.s.b.f.s.DefaultListableBeanFactory - Returning cached instance of singleton bean 'autoConfigurationReport'
23:09:56.474 [Test worker] DEBUG o.s.b.f.s.DefaultListableBeanFactory - Returning cached instance of singleton bean 'autoConfigurationReport'
23:09:56.476 [Test worker] DEBUG o.s.b.f.s.DefaultListableBeanFactory - Returning cached instance of singleton bean 'autoConfigurationReport'
23:09:56.480 [Test worker] DEBUG o.s.b.f.s.DefaultListableBeanFactory - Returning cached instance of singleton bean 'autoConfigurationReport'
23:09:56.487 [Test worker] DEBUG o.s.b.f.s.DefaultListableBeanFactory - Returning cached instance of singleton bean 'autoConfigurationReport'
23:09:56.497 [Test worker] DEBUG o.s.b.f.s.DefaultListableBeanFactory - Returning cached instance of singleton bean 'autoConfigurationReport'
23:09:56.507 [Test worker] DEBUG o.s.b.f.s.DefaultListableBeanFactory - Returning cached instance of singleton bean 'autoConfigurationReport'
23:09:56.509 [Test worker] DEBUG o.s.b.f.s.DefaultListableBeanFactory - Returning cached instance of singleton bean 'autoConfigurationReport'
23:09:56.511 [Test worker] DEBUG o.s.b.f.s.DefaultListableBeanFactory - Returning cached instance of singleton bean 'autoConfigurationReport'
23:09:56.519 [Test worker] DEBUG o.s.b.f.s.DefaultListableBeanFactory - Returning cached instance of singleton bean 'autoConfigurationReport'
23:09:56.521 [Test worker] DEBUG o.s.b.f.s.DefaultListableBeanFactory - Returning cached instance of singleton bean 'autoConfigurationReport'
23:09:56.523 [Test worker] DEBUG o.s.b.f.s.DefaultListableBeanFactory - Returning cached instance of singleton bean 'autoConfigurationReport'
23:09:56.532 [Test worker] DEBUG o.s.b.f.s.DefaultListableBeanFactory - Returning cached instance of singleton bean 'autoConfigurationReport'
23:09:56.534 [Test worker] DEBUG o.s.b.f.s.DefaultListableBeanFactory - Returning cached instance of singleton bean 'autoConfigurationReport'
23:09:56.537 [Test worker] DEBUG o.s.b.f.s.DefaultListableBeanFactory - Returning cached instance of singleton bean 'autoConfigurationReport'
23:09:56.539 [Test worker] DEBUG o.s.b.f.s.DefaultListableBeanFactory - Returning cached instance of singleton bean 'autoConfigurationReport'
23:09:56.541 [Test worker] DEBUG o.s.b.f.s.DefaultListableBeanFactory - Returning cached instance of singleton bean 'autoConfigurationReport'
23:09:56.543 [Test worker] DEBUG o.s.b.f.s.DefaultListableBeanFactory - Returning cached instance of singleton bean 'autoConfigurationReport'
23:09:56.545 [Test worker] DEBUG o.s.b.f.s.DefaultListableBeanFactory - Returning cached instance of singleton bean 'autoConfigurationReport'
23:09:56.546 [Test worker] DEBUG o.s.b.f.s.DefaultListableBeanFactory - Returning cached instance of singleton bean 'autoConfigurationReport'
23:09:56.555 [Test worker] DEBUG o.s.b.f.s.DefaultListableBeanFactory - Returning cached instance of singleton bean 'autoConfigurationReport'
23:09:56.560 [Test worker] DEBUG o.s.b.f.s.DefaultListableBeanFactory - Returning cached instance of singleton bean 'autoConfigurationReport'
23:09:56.564 [Test worker] DEBUG o.s.b.f.s.DefaultListableBeanFactory - Returning cached instance of singleton bean 'autoConfigurationReport'
23:09:56.567 [Test worker] DEBUG o.s.b.f.s.DefaultListableBeanFactory - Returning cached instance of singleton bean 'autoConfigurationReport'
23:09:56.576 [Test worker] DEBUG o.s.b.f.s.DefaultListableBeanFactory - Returning cached instance of singleton bean 'autoConfigurationReport'
23:09:56.584 [Test worker] DEBUG o.s.b.f.s.DefaultListableBeanFactory - Returning cached instance of singleton bean 'autoConfigurationReport'
23:09:56.586 [Test worker] DEBUG o.s.b.f.s.DefaultListableBeanFactory - Returning cached instance of singleton bean 'autoConfigurationReport'
23:09:56.586 [Test worker] DEBUG o.s.b.f.s.DefaultListableBeanFactory - Returning cached instance of singleton bean 'autoConfigurationReport'
23:09:56.592 [Test worker] DEBUG o.s.b.f.s.DefaultListableBeanFactory - Returning cached instance of singleton bean 'autoConfigurationReport'
23:09:56.596 [Test worker] DEBUG o.s.b.f.s.DefaultListableBeanFactory - Returning cached instance of singleton bean 'autoConfigurationReport'
23:09:56.603 [Test worker] DEBUG o.s.b.f.s.DefaultListableBeanFactory - Returning cached instance of singleton bean 'autoConfigurationReport'
23:09:56.606 [Test worker] DEBUG o.s.b.f.s.DefaultListableBeanFactory - Returning cached instance of singleton bean 'autoConfigurationReport'
23:09:56.609 [Test worker] DEBUG o.s.b.f.s.DefaultListableBeanFactory - Returning cached instance of singleton bean 'autoConfigurationReport'
23:09:56.612 [Test worker] DEBUG o.s.b.f.s.DefaultListableBeanFactory - Returning cached instance of singleton bean 'autoConfigurationReport'
23:09:56.614 [Test worker] DEBUG o.s.b.f.s.DefaultListableBeanFactory - Returning cached instance of singleton bean 'autoConfigurationReport'
23:09:56.616 [Test worker] DEBUG o.s.b.f.s.DefaultListableBeanFactory - Returning cached instance of singleton bean 'autoConfigurationReport'
23:09:56.618 [Test worker] DEBUG o.s.b.f.s.DefaultListableBeanFactory - Returning cached instance of singleton bean 'autoConfigurationReport'
23:09:56.621 [Test worker] DEBUG o.s.b.f.s.DefaultListableBeanFactory - Returning cached instance of singleton bean 'autoConfigurationReport'
23:09:56.627 [Test worker] DEBUG o.s.b.f.s.DefaultListableBeanFactory - Returning cached instance of singleton bean 'autoConfigurationReport'
23:09:56.630 [Test worker] DEBUG o.s.b.f.s.DefaultListableBeanFactory - Returning cached instance of singleton bean 'autoConfigurationReport'
23:09:56.634 [Test worker] DEBUG o.s.b.f.s.DefaultListableBeanFactory - Returning cached instance of singleton bean 'autoConfigurationReport'
23:09:56.639 [Test worker] DEBUG o.s.b.f.s.DefaultListableBeanFactory - Returning cached instance of singleton bean 'autoConfigurationReport'
23:09:56.661 [Test worker] DEBUG o.s.b.f.s.DefaultListableBeanFactory - Returning cached instance of singleton bean 'autoConfigurationReport'
23:09:56.664 [Test worker] DEBUG o.s.b.f.s.DefaultListableBeanFactory - Returning cached instance of singleton bean 'autoConfigurationReport'
23:09:56.666 [Test worker] DEBUG o.s.b.f.s.DefaultListableBeanFactory - Returning cached instance of singleton bean 'autoConfigurationReport'
23:09:56.668 [Test worker] DEBUG o.s.b.f.s.DefaultListableBeanFactory - Returning cached instance of singleton bean 'autoConfigurationReport'
23:09:56.670 [Test worker] DEBUG o.s.b.f.s.DefaultListableBeanFactory - Returning cached instance of singleton bean 'autoConfigurationReport'
23:09:56.671 [Test worker] DEBUG o.s.b.f.s.DefaultListableBeanFactory - Returning cached instance of singleton bean 'autoConfigurationReport'
23:09:56.675 [Test worker] DEBUG o.s.b.f.s.DefaultListableBeanFactory - Returning cached instance of singleton bean 'autoConfigurationReport'
23:09:56.676 [Test worker] DEBUG o.s.b.f.s.DefaultListableBeanFactory - Returning cached instance of singleton bean 'autoConfigurationReport'
23:09:56.680 [Test worker] DEBUG o.s.b.f.s.DefaultListableBeanFactory - Returning cached instance of singleton bean 'autoConfigurationReport'
23:09:56.682 [Test worker] DEBUG o.s.b.f.s.DefaultListableBeanFactory - Returning cached instance of singleton bean 'autoConfigurationReport'
23:09:56.683 [Test worker] DEBUG o.s.b.f.s.DefaultListableBeanFactory - Returning cached instance of singleton bean 'autoConfigurationReport'
23:09:56.684 [Test worker] DEBUG o.s.b.f.s.DefaultListableBeanFactory - Returning cached instance of singleton bean 'autoConfigurationReport'
23:09:56.686 [Test worker] DEBUG o.s.b.f.s.DefaultListableBeanFactory - Returning cached instance of singleton bean 'autoConfigurationReport'
23:09:56.687 [Test worker] DEBUG o.s.b.f.s.DefaultListableBeanFactory - Returning cached instance of singleton bean 'autoConfigurationReport'
23:09:56.689 [Test worker] DEBUG o.s.b.f.s.DefaultListableBeanFactory - Returning cached instance of singleton bean 'autoConfigurationReport'
23:09:56.704 [Test worker] DEBUG o.s.b.f.s.DefaultListableBeanFactory - Returning cached instance of singleton bean 'autoConfigurationReport'
23:09:56.706 [Test worker] DEBUG o.s.b.f.s.DefaultListableBeanFactory - Returning cached instance of singleton bean 'autoConfigurationReport'
23:09:56.707 [Test worker] DEBUG o.s.b.f.s.DefaultListableBeanFactory - Returning cached instance of singleton bean 'autoConfigurationReport'
23:09:56.712 [Test worker] DEBUG o.s.b.f.s.DefaultListableBeanFactory - Returning cached instance of singleton bean 'autoConfigurationReport'
23:09:56.712 [Test worker] DEBUG o.s.b.f.s.DefaultListableBeanFactory - Returning cached instance of singleton bean 'autoConfigurationReport'
23:09:56.719 [Test worker] DEBUG o.s.b.f.s.DefaultListableBeanFactory - Returning cached instance of singleton bean 'autoConfigurationReport'
23:09:56.719 [Test worker] DEBUG o.s.b.f.s.DefaultListableBeanFactory - Returning cached instance of singleton bean 'autoConfigurationReport'
23:09:56.721 [Test worker] DEBUG o.s.b.f.s.DefaultListableBeanFactory - Returning cached instance of singleton bean 'autoConfigurationReport'
23:09:56.722 [Test worker] DEBUG o.s.b.f.s.DefaultListableBeanFactory - Returning cached instance of singleton bean 'autoConfigurationReport'
23:09:56.724 [Test worker] DEBUG o.s.b.f.s.DefaultListableBeanFactory - Returning cached instance of singleton bean 'autoConfigurationReport'
23:09:56.725 [Test worker] DEBUG o.s.b.f.s.DefaultListableBeanFactory - Returning cached instance of singleton bean 'autoConfigurationReport'
23:09:56.732 [Test worker] DEBUG o.s.b.f.s.DefaultListableBeanFactory - Returning cached instance of singleton bean 'autoConfigurationReport'
23:09:56.734 [Test worker] DEBUG o.s.b.f.s.DefaultListableBeanFactory - Returning cached instance of singleton bean 'autoConfigurationReport'
23:09:56.739 [Test worker] DEBUG o.s.c.a.ConfigurationClassBeanDefinitionReader - Registered bean definition for imported @Configuration class ru.spring.WebSecurityConfig$FormLoginWebSecurityConfigurerAdapter
23:09:56.740 [Test worker] DEBUG o.s.c.a.ConfigurationClassBeanDefinitionReader - Registered bean definition for imported @Configuration class ru.spring.WebSecurityConfig$ApiWebSecurityConfigurationAdapter
23:09:56.742 [Test worker] DEBUG o.s.c.a.ConfigurationClassBeanDefinitionReader - Registering bean definition for @Bean method ru.spring.WebSecurityConfig$ApiWebSecurityConfigurationAdapter.passwordEncoder()
23:09:56.743 [Test worker] DEBUG o.s.c.a.ConfigurationClassBeanDefinitionReader - Registering bean definition for @Bean method ru.spring.WebSecurityConfig$ApiWebSecurityConfigurationAdapter.rememberMeAuthenticationFilter()
23:09:56.744 [Test worker] DEBUG o.s.c.a.ConfigurationClassBeanDefinitionReader - Registering bean definition for @Bean method ru.spring.WebSecurityConfig$ApiWebSecurityConfigurationAdapter.tokenBasedRememberMeService()
23:09:56.744 [Test worker] DEBUG o.s.c.a.ConfigurationClassBeanDefinitionReader - Registering bean definition for @Bean method ru.spring.WebSecurityConfig$ApiWebSecurityConfigurationAdapter.rememberMeAuthenticationProvider()
23:09:56.745 [Test worker] DEBUG o.s.c.a.ConfigurationClassBeanDefinitionReader - Registered bean definition for imported @Configuration class org.springframework.security.config.annotation.authentication.configuration.AuthenticationConfiguration
23:09:56.746 [Test worker] DEBUG o.s.c.a.ConfigurationClassBeanDefinitionReader - Registering bean definition for @Bean method org.springframework.security.config.annotation.authentication.configuration.AuthenticationConfiguration.authenticationManagerBuilder()
23:09:56.746 [Test worker] DEBUG o.s.c.a.ConfigurationClassBeanDefinitionReader - Registering bean definition for @Bean method org.springframework.security.config.annotation.authentication.configuration.AuthenticationConfiguration.enableGlobalAuthenticationAutowiredConfigurer()
23:09:56.747 [Test worker] DEBUG o.s.c.a.ConfigurationClassBeanDefinitionReader - Registered bean definition for imported @Configuration class org.springframework.security.config.annotation.web.configuration.WebSecurityConfiguration
23:09:56.748 [Test worker] DEBUG o.s.c.a.ConfigurationClassBeanDefinitionReader - Registering bean definition for @Bean method org.springframework.security.config.annotation.web.configuration.WebSecurityConfiguration.privilegeEvaluator()
23:09:56.748 [Test worker] DEBUG o.s.c.a.ConfigurationClassBeanDefinitionReader - Registering bean definition for @Bean method org.springframework.security.config.annotation.web.configuration.WebSecurityConfiguration.autowiredWebSecurityConfigurersIgnoreParents()
23:09:56.749 [Test worker] DEBUG o.s.c.a.ConfigurationClassBeanDefinitionReader - Registering bean definition for @Bean method org.springframework.security.config.annotation.web.configuration.WebSecurityConfiguration.webSecurityExpressionHandler()
23:09:56.750 [Test worker] DEBUG o.s.c.a.ConfigurationClassBeanDefinitionReader - Registering bean definition for @Bean method org.springframework.security.config.annotation.web.configuration.WebSecurityConfiguration.springSecurityFilterChain()
23:09:56.750 [Test worker] DEBUG o.s.c.a.ConfigurationClassBeanDefinitionReader - Registered bean definition for imported @Configuration class org.springframework.security.config.annotation.configuration.ObjectPostProcessorConfiguration
23:09:56.751 [Test worker] DEBUG o.s.c.a.ConfigurationClassBeanDefinitionReader - Registering bean definition for @Bean method org.springframework.security.config.annotation.configuration.ObjectPostProcessorConfiguration.objectPostProcessor()
23:09:56.752 [Test worker] DEBUG o.s.c.a.ConfigurationClassBeanDefinitionReader - Registered bean definition for imported @Configuration class org.springframework.security.config.annotation.web.servlet.configuration.WebMvcSecurityConfiguration
23:09:56.752 [Test worker] DEBUG o.s.c.a.ConfigurationClassBeanDefinitionReader - Registering bean definition for @Bean method org.springframework.security.config.annotation.web.servlet.configuration.WebMvcSecurityConfiguration.requestDataValueProcessor()
23:09:56.752 [Test worker] DEBUG o.s.c.a.ConfigurationClassBeanDefinitionReader - Registered bean definition for imported @Configuration class ru.spring.WebSecurityConfig
23:09:56.753 [Test worker] DEBUG o.s.c.a.ConfigurationClassBeanDefinitionReader - Registering bean definition for @Bean method ru.spring.Application.sessionFactory()
23:09:56.753 [Test worker] DEBUG o.s.c.a.ConfigurationClassBeanDefinitionReader - Registering bean definition for @Bean method ru.spring.Application.dataSource()
23:09:56.758 [Test worker] DEBUG o.s.c.a.ConfigurationClassBeanDefinitionReader - Registered bean definition for imported @Configuration class org.springframework.boot.autoconfigure.PropertyPlaceholderAutoConfiguration
23:09:56.767 [Test worker] DEBUG o.s.b.f.s.DefaultListableBeanFactory - Creating shared instance of singleton bean 'org.springframework.boot.autoconfigure.condition.BeanTypeRegistry'
23:09:56.767 [Test worker] DEBUG o.s.b.f.s.DefaultListableBeanFactory - Creating instance of bean 'org.springframework.boot.autoconfigure.condition.BeanTypeRegistry'
23:09:56.789 [Test worker] DEBUG o.s.b.f.s.DefaultListableBeanFactory - Eagerly caching bean 'org.springframework.boot.autoconfigure.condition.BeanTypeRegistry' to allow for resolving potential circular references
23:09:56.791 [Test worker] DEBUG o.s.b.f.s.DefaultListableBeanFactory - Finished creating instance of bean 'org.springframework.boot.autoconfigure.condition.BeanTypeRegistry'
23:09:56.812 [Test worker] DEBUG o.s.b.f.s.DefaultListableBeanFactory - Returning cached instance of singleton bean 'autoConfigurationReport'
23:09:56.814 [Test worker] DEBUG o.s.c.a.ConfigurationClassBeanDefinitionReader - Registering bean definition for @Bean method org.springframework.boot.autoconfigure.PropertyPlaceholderAutoConfiguration.propertySourcesPlaceholderConfigurer()
23:09:56.814 [Test worker] DEBUG o.s.b.f.s.DefaultListableBeanFactory - Returning cached instance of singleton bean 'autoConfigurationReport'
23:09:56.816 [Test worker] DEBUG o.s.b.f.s.DefaultListableBeanFactory - Returning cached instance of singleton bean 'autoConfigurationReport'
23:09:56.819 [Test worker] DEBUG o.s.c.a.ConfigurationClassBeanDefinitionReader - Registered bean definition for imported @Configuration class org.springframework.boot.autoconfigure.jta.JtaAutoConfiguration
23:09:56.825 [Test worker] DEBUG o.s.b.f.s.DefaultListableBeanFactory - Returning cached instance of singleton bean 'autoConfigurationReport'
23:09:56.826 [Test worker] DEBUG o.s.b.f.s.DefaultListableBeanFactory - Returning cached instance of singleton bean 'org.springframework.boot.autoconfigure.condition.BeanTypeRegistry'
23:09:56.827 [Test worker] DEBUG o.s.b.f.s.DefaultListableBeanFactory - Returning cached instance of singleton bean 'autoConfigurationReport'
23:09:56.828 [Test worker] DEBUG o.s.b.f.s.DefaultListableBeanFactory - Returning cached instance of singleton bean 'autoConfigurationReport'
23:09:56.836 [Test worker] DEBUG o.s.b.f.s.DefaultListableBeanFactory - Returning cached instance of singleton bean 'autoConfigurationReport'
23:09:56.836 [Test worker] DEBUG o.s.c.a.ConfigurationClassBeanDefinitionReader - Registered bean definition for imported @Configuration class org.springframework.boot.autoconfigure.jdbc.DataSourceAutoConfiguration$JdbcTemplateConfiguration
23:09:56.837 [Test worker] DEBUG o.s.b.f.s.DefaultListableBeanFactory - Returning cached instance of singleton bean 'org.springframework.boot.autoconfigure.condition.BeanTypeRegistry'
23:09:56.839 [Test worker] DEBUG o.s.b.f.s.DefaultListableBeanFactory - Returning cached instance of singleton bean 'autoConfigurationReport'
23:09:56.839 [Test worker] DEBUG o.s.c.a.ConfigurationClassBeanDefinitionReader - Registering bean definition for @Bean method org.springframework.boot.autoconfigure.jdbc.DataSourceAutoConfiguration$JdbcTemplateConfiguration.jdbcTemplate()
23:09:56.845 [Test worker] DEBUG o.s.b.f.s.DefaultListableBeanFactory - Returning cached instance of singleton bean 'org.springframework.boot.autoconfigure.condition.BeanTypeRegistry'
23:09:56.851 [Test worker] DEBUG o.s.b.f.s.DefaultListableBeanFactory - Returning cached instance of singleton bean 'autoConfigurationReport'
23:09:56.851 [Test worker] DEBUG o.s.c.a.ConfigurationClassBeanDefinitionReader - Registering bean definition for @Bean method org.springframework.boot.autoconfigure.jdbc.DataSourceAutoConfiguration$JdbcTemplateConfiguration.namedParameterJdbcTemplate()
23:09:56.854 [Test worker] DEBUG o.s.b.f.s.DefaultListableBeanFactory - Returning cached instance of singleton bean 'autoConfigurationReport'
23:09:56.854 [Test worker] DEBUG o.s.b.f.s.DefaultListableBeanFactory - Returning cached instance of singleton bean 'org.springframework.boot.autoconfigure.condition.BeanTypeRegistry'
23:09:56.855 [Test worker] DEBUG o.s.b.f.s.DefaultListableBeanFactory - Returning cached instance of singleton bean 'org.springframework.boot.autoconfigure.condition.BeanTypeRegistry'
23:09:56.855 [Test worker] DEBUG o.s.b.f.s.DefaultListableBeanFactory - Returning cached instance of singleton bean 'autoConfigurationReport'
23:09:56.862 [Test worker] DEBUG o.s.b.f.s.DefaultListableBeanFactory - Returning cached instance of singleton bean 'org.springframework.boot.autoconfigure.condition.BeanTypeRegistry'
23:09:56.862 [Test worker] DEBUG o.s.b.f.s.DefaultListableBeanFactory - Returning cached instance of singleton bean 'autoConfigurationReport'
23:09:56.864 [Test worker] DEBUG o.s.c.a.ConfigurationClassBeanDefinitionReader - Registered bean definition for imported @Configuration class org.springframework.boot.autoconfigure.jdbc.DataSourceAutoConfiguration$DataSourceInitializerConfiguration
23:09:56.864 [Test worker] DEBUG o.s.c.a.ConfigurationClassBeanDefinitionReader - Registering bean definition for @Bean method org.springframework.boot.autoconfigure.jdbc.DataSourceAutoConfiguration$DataSourceInitializerConfiguration.dataSourceInitializer()
23:09:56.865 [Test worker] DEBUG o.s.b.f.s.DefaultListableBeanFactory - Returning cached instance of singleton bean 'autoConfigurationReport'
23:09:56.866 [Test worker] DEBUG o.s.c.a.ConfigurationClassBeanDefinitionReader - Registered bean definition for imported @Configuration class org.springframework.boot.autoconfigure.jdbc.metadata.DataSourcePoolMetadataProvidersConfiguration$CommonsDbcpPoolDataSourceMetadataProviderConfiguration
23:09:56.866 [Test worker] DEBUG o.s.c.a.ConfigurationClassBeanDefinitionReader - Registering bean definition for @Bean method org.springframework.boot.autoconfigure.jdbc.metadata.DataSourcePoolMetadataProvidersConfiguration$CommonsDbcpPoolDataSourceMetadataProviderConfiguration.commonsDbcpPoolDataSourceMetadataProvider()
23:09:56.866 [Test worker] DEBUG o.s.c.a.ConfigurationClassBeanDefinitionReader - Registered bean definition for imported @Configuration class org.springframework.boot.autoconfigure.jdbc.metadata.DataSourcePoolMetadataProvidersConfiguration
23:09:56.867 [Test worker] DEBUG o.s.c.a.ConfigurationClassBeanDefinitionReader - Registered bean definition for imported @Configuration class org.springframework.boot.autoconfigure.jdbc.DataSourceAutoConfiguration
23:09:56.869 [Test worker] DEBUG o.s.b.f.s.DefaultListableBeanFactory - Returning cached instance of singleton bean 'autoConfigurationReport'
23:09:56.869 [Test worker] DEBUG o.s.c.a.ConfigurationClassBeanDefinitionReader - Registered bean definition for imported @Configuration class org.springframework.boot.autoconfigure.dao.PersistenceExceptionTranslationAutoConfiguration
23:09:56.870 [Test worker] DEBUG o.s.b.f.s.DefaultListableBeanFactory - Returning cached instance of singleton bean 'org.springframework.boot.autoconfigure.condition.BeanTypeRegistry'
23:09:56.878 [Test worker] DEBUG o.s.b.f.s.DefaultListableBeanFactory - Returning cached instance of singleton bean 'autoConfigurationReport'
23:09:56.881 [Test worker] DEBUG o.s.b.f.s.DefaultListableBeanFactory - Returning cached instance of singleton bean 'autoConfigurationReport'
23:09:56.883 [Test worker] DEBUG o.s.c.a.ConfigurationClassBeanDefinitionReader - Registering bean definition for @Bean method org.springframework.boot.autoconfigure.dao.PersistenceExceptionTranslationAutoConfiguration.persistenceExceptionTranslationPostProcessor()
23:09:56.884 [Test worker] DEBUG o.s.b.f.s.DefaultListableBeanFactory - Returning cached instance of singleton bean 'autoConfigurationReport'
23:09:56.884 [Test worker] DEBUG o.s.b.f.s.DefaultListableBeanFactory - Returning cached instance of singleton bean 'autoConfigurationReport'
23:09:56.885 [Test worker] DEBUG o.s.c.a.ConfigurationClassBeanDefinitionReader - Registered bean definition for imported @Configuration class org.springframework.boot.autoconfigure.jackson.JacksonAutoConfiguration$JacksonObjectMapperBuilderConfiguration
23:09:56.886 [Test worker] DEBUG o.s.b.f.s.DefaultListableBeanFactory - Returning cached instance of singleton bean 'org.springframework.boot.autoconfigure.condition.BeanTypeRegistry'
23:09:56.889 [Test worker] DEBUG o.s.b.f.s.DefaultListableBeanFactory - Returning cached instance of singleton bean 'autoConfigurationReport'
23:09:56.890 [Test worker] DEBUG o.s.c.a.ConfigurationClassBeanDefinitionReader - Registering bean definition for @Bean method org.springframework.boot.autoconfigure.jackson.JacksonAutoConfiguration$JacksonObjectMapperBuilderConfiguration.jacksonObjectMapperBuilder()
23:09:56.893 [Test worker] DEBUG o.s.b.f.s.DefaultListableBeanFactory - Returning cached instance of singleton bean 'autoConfigurationReport'
23:09:56.895 [Test worker] DEBUG o.s.c.a.ConfigurationClassBeanDefinitionReader - Registered bean definition for imported @Configuration class org.springframework.boot.autoconfigure.jackson.JacksonAutoConfiguration$JacksonObjectMapperConfiguration
23:09:56.898 [Test worker] DEBUG o.s.b.f.s.DefaultListableBeanFactory - Returning cached instance of singleton bean 'org.springframework.boot.autoconfigure.condition.BeanTypeRegistry'
23:09:56.904 [Test worker] DEBUG o.s.b.f.s.DefaultListableBeanFactory - Returning cached instance of singleton bean 'autoConfigurationReport'
23:09:56.905 [Test worker] DEBUG o.s.c.a.ConfigurationClassBeanDefinitionReader - Registering bean definition for @Bean method org.springframework.boot.autoconfigure.jackson.JacksonAutoConfiguration$JacksonObjectMapperConfiguration.jacksonObjectMapper()
23:09:56.905 [Test worker] DEBUG o.s.c.a.ConfigurationClassBeanDefinitionReader - Registered bean definition for imported @Configuration class org.springframework.boot.autoconfigure.jackson.JacksonAutoConfiguration
23:09:56.906 [Test worker] DEBUG o.s.b.f.s.DefaultListableBeanFactory - Returning cached instance of singleton bean 'autoConfigurationReport'
23:09:56.906 [Test worker] DEBUG o.s.b.f.s.DefaultListableBeanFactory - Returning cached instance of singleton bean 'autoConfigurationReport'
23:09:56.907 [Test worker] DEBUG o.s.c.a.ConfigurationClassBeanDefinitionReader - Registered bean definition for imported @Configuration class org.springframework.boot.autoconfigure.web.HttpMessageConvertersAutoConfiguration$StringHttpMessageConverterConfiguration
23:09:56.908 [Test worker] DEBUG o.s.b.f.s.DefaultListableBeanFactory - Returning cached instance of singleton bean 'org.springframework.boot.autoconfigure.condition.BeanTypeRegistry'
23:09:56.910 [Test worker] DEBUG o.s.b.f.s.DefaultListableBeanFactory - Returning cached instance of singleton bean 'autoConfigurationReport'
23:09:56.911 [Test worker] DEBUG o.s.c.a.ConfigurationClassBeanDefinitionReader - Registering bean definition for @Bean method org.springframework.boot.autoconfigure.web.HttpMessageConvertersAutoConfiguration$StringHttpMessageConverterConfiguration.stringHttpMessageConverter()
23:09:56.912 [Test worker] DEBUG o.s.b.f.s.DefaultListableBeanFactory - Returning cached instance of singleton bean 'autoConfigurationReport'
23:09:56.912 [Test worker] DEBUG o.s.b.f.s.DefaultListableBeanFactory - Returning cached instance of singleton bean 'org.springframework.boot.autoconfigure.condition.BeanTypeRegistry'
23:09:56.914 [Test worker] DEBUG o.s.b.f.s.DefaultListableBeanFactory - Returning cached instance of singleton bean 'autoConfigurationReport'
23:09:56.915 [Test worker] DEBUG o.s.c.a.ConfigurationClassBeanDefinitionReader - Registered bean definition for imported @Configuration class org.springframework.boot.autoconfigure.web.HttpMessageConvertersAutoConfiguration$MappingJackson2HttpMessageConverterConfiguration
23:09:56.919 [Test worker] DEBUG o.s.b.f.s.DefaultListableBeanFactory - Returning cached instance of singleton bean 'org.springframework.boot.autoconfigure.condition.BeanTypeRegistry'
23:09:56.920 [Test worker] DEBUG o.s.b.f.s.DefaultListableBeanFactory - Returning cached instance of singleton bean 'autoConfigurationReport'
23:09:56.921 [Test worker] DEBUG o.s.c.a.ConfigurationClassBeanDefinitionReader - Registering bean definition for @Bean method org.springframework.boot.autoconfigure.web.HttpMessageConvertersAutoConfiguration$MappingJackson2HttpMessageConverterConfiguration.mappingJackson2HttpMessageConverter()
23:09:56.921 [Test worker] DEBUG o.s.c.a.ConfigurationClassBeanDefinitionReader - Registered bean definition for imported @Configuration class org.springframework.boot.autoconfigure.web.HttpMessageConvertersAutoConfiguration
23:09:56.923 [Test worker] DEBUG o.s.b.f.s.DefaultListableBeanFactory - Returning cached instance of singleton bean 'org.springframework.boot.autoconfigure.condition.BeanTypeRegistry'
23:09:56.924 [Test worker] DEBUG o.s.b.f.s.DefaultListableBeanFactory - Returning cached instance of singleton bean 'autoConfigurationReport'
23:09:56.924 [Test worker] DEBUG o.s.c.a.ConfigurationClassBeanDefinitionReader - Registering bean definition for @Bean method org.springframework.boot.autoconfigure.web.HttpMessageConvertersAutoConfiguration.messageConverters()
23:09:56.925 [Test worker] DEBUG o.s.b.f.s.DefaultListableBeanFactory - Returning cached instance of singleton bean 'autoConfigurationReport'
23:09:56.926 [Test worker] DEBUG o.s.b.f.s.DefaultListableBeanFactory - Returning cached instance of singleton bean 'autoConfigurationReport'
23:09:56.927 [Test worker] DEBUG o.s.c.a.ConfigurationClassBeanDefinitionReader - Registered bean definition for imported @Configuration class org.springframework.boot.autoconfigure.jmx.JmxAutoConfiguration
23:09:56.927 [Test worker] DEBUG o.s.b.f.s.DefaultListableBeanFactory - Returning cached instance of singleton bean 'org.springframework.boot.autoconfigure.condition.BeanTypeRegistry'
23:09:56.930 [Test worker] DEBUG o.s.b.f.s.DefaultListableBeanFactory - Returning cached instance of singleton bean 'autoConfigurationReport'
23:09:56.931 [Test worker] DEBUG o.s.c.a.ConfigurationClassBeanDefinitionReader - Registering bean definition for @Bean method org.springframework.boot.autoconfigure.jmx.JmxAutoConfiguration.mbeanExporter()
[...]
23:10:01.538 [Test worker] DEBUG o.s.b.f.s.DefaultListableBeanFactory - Returning cached instance of singleton bean 'org.springframework.transaction.config.internalTransactionAdvisor'
23:10:01.539 [Test worker] DEBUG o.s.b.f.s.DefaultListableBeanFactory - Finished creating instance of bean 'org.springframework.boot.autoconfigure.jdbc.DataSourceTransactionManagerAutoConfiguration$TransactionManagementConfiguration'
23:10:01.540 [Test worker] DEBUG o.s.b.f.s.DefaultListableBeanFactory - Returning cached instance of singleton bean 'org.springframework.aop.config.internalAutoProxyCreator'
23:10:01.540 [Test worker] DEBUG o.s.b.f.s.DefaultListableBeanFactory - Creating shared instance of singleton bean 'org.springframework.boot.autoconfigure.jdbc.DataSourceTransactionManagerAutoConfiguration'
23:10:01.540 [Test worker] DEBUG o.s.b.f.s.DefaultListableBeanFactory - Creating instance of bean 'org.springframework.boot.autoconfigure.jdbc.DataSourceTransactionManagerAutoConfiguration'
23:10:01.541 [Test worker] DEBUG o.s.b.f.annotation.InjectionMetadata - Registered injected element on class [org.springframework.boot.autoconfigure.jdbc.DataSourceTransactionManagerAutoConfiguration$$EnhancerBySpringCGLIB$$c56aa280]: AutowiredFieldElement for private javax.sql.DataSource org.springframework.boot.autoconfigure.jdbc.DataSourceTransactionManagerAutoConfiguration.dataSource
23:10:01.541 [Test worker] DEBUG o.s.b.f.s.DefaultListableBeanFactory - Eagerly caching bean 'org.springframework.boot.autoconfigure.jdbc.DataSourceTransactionManagerAutoConfiguration' to allow for resolving potential circular references
23:10:01.547 [Test worker] DEBUG o.s.b.f.annotation.InjectionMetadata - Processing injected element of bean 'org.springframework.boot.autoconfigure.jdbc.DataSourceTransactionManagerAutoConfiguration': AutowiredFieldElement for private javax.sql.DataSource org.springframework.boot.autoconfigure.jdbc.DataSourceTransactionManagerAutoConfiguration.dataSource
23:10:01.547 [Test worker] DEBUG o.s.b.f.s.DefaultListableBeanFactory - Returning cached instance of singleton bean 'dataSource'
23:10:01.547 [Test worker] DEBUG o.s.b.f.a.AutowiredAnnotationBeanPostProcessor - Autowiring by type from bean name 'org.springframework.boot.autoconfigure.jdbc.DataSourceTransactionManagerAutoConfiguration' to bean named 'dataSource'
23:10:01.548 [Test worker] DEBUG o.s.b.f.s.DefaultListableBeanFactory - Returning cached instance of singleton bean 'org.springframework.transaction.config.internalTransactionAdvisor'
23:10:01.549 [Test worker] DEBUG o.s.b.f.s.DefaultListableBeanFactory - Finished creating instance of bean 'org.springframework.boot.autoconfigure.jdbc.DataSourceTransactionManagerAutoConfiguration'
23:10:01.549 [Test worker] DEBUG o.s.b.f.s.DefaultListableBeanFactory - Creating shared instance of singleton bean 'transactionManager'
23:10:01.549 [Test worker] DEBUG o.s.b.f.s.DefaultListableBeanFactory - Creating instance of bean 'transactionManager'
23:10:01.549 [Test worker] DEBUG o.s.b.f.s.DefaultListableBeanFactory - Returning cached instance of singleton bean 'org.springframework.boot.autoconfigure.jdbc.DataSourceTransactionManagerAutoConfiguration'
23:10:01.564 [Test worker] DEBUG o.s.b.f.s.DefaultListableBeanFactory - Eagerly caching bean 'transactionManager' to allow for resolving potential circular references
23:10:01.570 [Test worker] DEBUG o.s.b.f.s.DefaultListableBeanFactory - Invoking afterPropertiesSet() on bean with name 'transactionManager'
23:10:01.570 [Test worker] DEBUG o.s.b.f.s.DefaultListableBeanFactory - Returning cached instance of singleton bean 'org.springframework.transaction.config.internalTransactionAdvisor'
23:10:01.571 [Test worker] DEBUG o.s.b.f.s.DefaultListableBeanFactory - Finished creating instance of bean 'transactionManager'
23:10:01.571 [Test worker] DEBUG o.s.b.f.s.DefaultListableBeanFactory - Creating shared instance of singleton bean 'org.springframework.boot.autoconfigure.security.AuthenticationManagerConfiguration$AuthenticationManagerConfigurationListener'
23:10:01.571 [Test worker] DEBUG o.s.b.f.s.DefaultListableBeanFactory - Creating instance of bean 'org.springframework.boot.autoconfigure.security.AuthenticationManagerConfiguration$AuthenticationManagerConfigurationListener'
23:10:01.573 [Test worker] DEBUG o.s.b.f.annotation.InjectionMetadata - Registered injected element on class [org.springframework.boot.autoconfigure.security.AuthenticationManagerConfiguration$AuthenticationManagerConfigurationListener]: AutowiredFieldElement for private org.springframework.security.authentication.AuthenticationEventPublisher org.springframework.boot.autoconfigure.security.AuthenticationManagerConfiguration$AuthenticationManagerConfigurationListener.authenticationEventPublisher
23:10:01.573 [Test worker] DEBUG o.s.b.f.annotation.InjectionMetadata - Registered injected element on class [org.springframework.boot.autoconfigure.security.AuthenticationManagerConfiguration$AuthenticationManagerConfigurationListener]: AutowiredFieldElement for private org.springframework.context.ApplicationContext org.springframework.boot.autoconfigure.security.AuthenticationManagerConfiguration$AuthenticationManagerConfigurationListener.context
23:10:01.573 [Test worker] DEBUG o.s.b.f.s.DefaultListableBeanFactory - Eagerly caching bean 'org.springframework.boot.autoconfigure.security.AuthenticationManagerConfiguration$AuthenticationManagerConfigurationListener' to allow for resolving potential circular references
23:10:01.576 [Test worker] DEBUG o.s.b.f.annotation.InjectionMetadata - Processing injected element of bean 'org.springframework.boot.autoconfigure.security.AuthenticationManagerConfiguration$AuthenticationManagerConfigurationListener': AutowiredFieldElement for private org.springframework.security.authentication.AuthenticationEventPublisher org.springframework.boot.autoconfigure.security.AuthenticationManagerConfiguration$AuthenticationManagerConfigurationListener.authenticationEventPublisher
23:10:01.577 [Test worker] DEBUG o.s.b.f.s.DefaultListableBeanFactory - Creating shared instance of singleton bean 'authenticationEventPublisher'
23:10:01.577 [Test worker] DEBUG o.s.b.f.s.DefaultListableBeanFactory - Creating instance of bean 'authenticationEventPublisher'
23:10:01.578 [Test worker] DEBUG o.s.b.f.s.DefaultListableBeanFactory - Returning cached instance of singleton bean 'org.springframework.boot.autoconfigure.security.SecurityAutoConfiguration'
23:10:01.579 [Test worker] DEBUG o.s.b.f.s.DefaultListableBeanFactory - Autowiring by type from bean name 'authenticationEventPublisher' via factory method to bean named 'org.springframework.context.support.GenericApplicationContext@76aa82eb'
23:10:01.580 [Test worker] DEBUG o.s.b.f.s.DefaultListableBeanFactory - Eagerly caching bean 'authenticationEventPublisher' to allow for resolving potential circular references
23:10:01.582 [Test worker] DEBUG o.s.b.f.s.DefaultListableBeanFactory - Returning cached instance of singleton bean 'org.springframework.transaction.config.internalTransactionAdvisor'
23:10:01.583 [Test worker] DEBUG o.s.b.f.s.DefaultListableBeanFactory - Finished creating instance of bean 'authenticationEventPublisher'
23:10:01.583 [Test worker] DEBUG o.s.b.f.a.AutowiredAnnotationBeanPostProcessor - Autowiring by type from bean name 'org.springframework.boot.autoconfigure.security.AuthenticationManagerConfiguration$AuthenticationManagerConfigurationListener' to bean named 'authenticationEventPublisher'
23:10:01.583 [Test worker] DEBUG o.s.b.f.annotation.InjectionMetadata - Processing injected element of bean 'org.springframework.boot.autoconfigure.security.AuthenticationManagerConfiguration$AuthenticationManagerConfigurationListener': AutowiredFieldElement for private org.springframework.context.ApplicationContext org.springframework.boot.autoconfigure.security.AuthenticationManagerConfiguration$AuthenticationManagerConfigurationListener.context
23:10:01.584 [Test worker] DEBUG o.s.b.f.a.AutowiredAnnotationBeanPostProcessor - Autowiring by type from bean name 'org.springframework.boot.autoconfigure.security.AuthenticationManagerConfiguration$AuthenticationManagerConfigurationListener' to bean named 'org.springframework.context.support.GenericApplicationContext@76aa82eb'
23:10:01.584 [Test worker] DEBUG o.s.b.f.s.DefaultListableBeanFactory - Returning cached instance of singleton bean 'org.springframework.transaction.config.internalTransactionAdvisor'
23:10:01.585 [Test worker] DEBUG o.s.b.f.s.DefaultListableBeanFactory - Finished creating instance of bean 'org.springframework.boot.autoconfigure.security.AuthenticationManagerConfiguration$AuthenticationManagerConfigurationListener'
23:10:01.585 [Test worker] DEBUG o.s.b.f.s.DefaultListableBeanFactory - Returning cached instance of singleton bean 'org.springframework.boot.autoconfigure.security.AuthenticationManagerConfiguration'
23:10:01.585 [Test worker] DEBUG o.s.b.f.s.DefaultListableBeanFactory - Creating shared instance of singleton bean 'authenticationManager'
23:10:01.585 [Test worker] DEBUG o.s.b.f.s.DefaultListableBeanFactory - Creating instance of bean 'authenticationManager'
23:10:01.585 [Test worker] DEBUG o.s.b.f.s.DefaultListableBeanFactory - Returning cached instance of singleton bean 'org.springframework.boot.autoconfigure.security.AuthenticationManagerConfiguration'
23:10:01.586 [Test worker] DEBUG o.s.b.f.s.DefaultListableBeanFactory - Returning cached instance of singleton bean 'authenticationManagerBuilder'
23:10:01.589 [Test worker] DEBUG o.s.b.f.s.DefaultListableBeanFactory - Autowiring by type from bean name 'authenticationManager' via factory method to bean named 'authenticationManagerBuilder'
23:10:01.590 [Test worker] DEBUG o.s.b.f.s.DefaultListableBeanFactory - Autowiring by type from bean name 'authenticationManager' via factory method to bean named 'org.springframework.context.support.GenericApplicationContext@76aa82eb'
23:10:01.597 [Test worker] DEBUG o.s.b.f.s.DefaultListableBeanFactory - Eagerly caching bean 'authenticationManager' to allow for resolving potential circular references
23:10:01.601 [Test worker] DEBUG o.s.b.f.s.DefaultListableBeanFactory - Invoking afterPropertiesSet() on bean with name 'authenticationManager'
23:10:01.601 [Test worker] DEBUG o.s.b.f.s.DefaultListableBeanFactory - Returning cached instance of singleton bean 'org.springframework.transaction.config.internalTransactionAdvisor'
23:10:01.601 [Test worker] DEBUG o.s.b.f.s.DefaultListableBeanFactory - Finished creating instance of bean 'authenticationManager'
23:10:01.602 [Test worker] DEBUG o.s.b.f.s.DefaultListableBeanFactory - Returning cached instance of singleton bean 'org.springframework.boot.autoconfigure.security.SecurityAutoConfiguration'
23:10:01.602 [Test worker] DEBUG o.s.b.f.s.DefaultListableBeanFactory - Returning cached instance of singleton bean 'authenticationEventPublisher'
23:10:01.602 [Test worker] DEBUG o.s.b.f.s.DefaultListableBeanFactory - Returning cached instance of singleton bean 'securityProperties'
23:10:01.602 [Test worker] DEBUG o.s.b.f.s.DefaultListableBeanFactory - Creating shared instance of singleton bean 'org.springframework.boot.autoconfigure.web.HttpEncodingAutoConfiguration'
23:10:01.602 [Test worker] DEBUG o.s.b.f.s.DefaultListableBeanFactory - Creating instance of bean 'org.springframework.boot.autoconfigure.web.HttpEncodingAutoConfiguration'
23:10:01.603 [Test worker] DEBUG o.s.b.f.annotation.InjectionMetadata - Registered injected element on class [org.springframework.boot.autoconfigure.web.HttpEncodingAutoConfiguration$$EnhancerBySpringCGLIB$$8318559a]: AutowiredFieldElement for private org.springframework.boot.autoconfigure.web.HttpEncodingProperties org.springframework.boot.autoconfigure.web.HttpEncodingAutoConfiguration.httpEncodingProperties
23:10:01.603 [Test worker] DEBUG o.s.b.f.s.DefaultListableBeanFactory - Eagerly caching bean 'org.springframework.boot.autoconfigure.web.HttpEncodingAutoConfiguration' to allow for resolving potential circular references
23:10:01.607 [Test worker] DEBUG o.s.b.f.annotation.InjectionMetadata - Processing injected element of bean 'org.springframework.boot.autoconfigure.web.HttpEncodingAutoConfiguration': AutowiredFieldElement for private org.springframework.boot.autoconfigure.web.HttpEncodingProperties org.springframework.boot.autoconfigure.web.HttpEncodingAutoConfiguration.httpEncodingProperties
23:10:01.607 [Test worker] DEBUG o.s.b.f.s.DefaultListableBeanFactory - Returning cached instance of singleton bean 'spring.http.encoding.CONFIGURATION_PROPERTIES'
23:10:01.608 [Test worker] DEBUG o.s.b.f.a.AutowiredAnnotationBeanPostProcessor - Autowiring by type from bean name 'org.springframework.boot.autoconfigure.web.HttpEncodingAutoConfiguration' to bean named 'spring.http.encoding.CONFIGURATION_PROPERTIES'
23:10:01.608 [Test worker] DEBUG o.s.b.f.s.DefaultListableBeanFactory - Returning cached instance of singleton bean 'org.springframework.transaction.config.internalTransactionAdvisor'
23:10:01.609 [Test worker] DEBUG o.s.b.f.s.DefaultListableBeanFactory - Finished creating instance of bean 'org.springframework.boot.autoconfigure.web.HttpEncodingAutoConfiguration'
23:10:01.609 [Test worker] DEBUG o.s.b.f.s.DefaultListableBeanFactory - Creating shared instance of singleton bean 'characterEncodingFilter'
23:10:01.609 [Test worker] DEBUG o.s.b.f.s.DefaultListableBeanFactory - Creating instance of bean 'characterEncodingFilter'
23:10:01.609 [Test worker] DEBUG o.s.b.f.s.DefaultListableBeanFactory - Returning cached instance of singleton bean 'org.springframework.boot.autoconfigure.web.HttpEncodingAutoConfiguration'
23:10:01.614 [Test worker] DEBUG o.s.w.c.s.StandardServletEnvironment - Adding [servletConfigInitParams] PropertySource with lowest search precedence
23:10:01.614 [Test worker] DEBUG o.s.w.c.s.StandardServletEnvironment - Adding [servletContextInitParams] PropertySource with lowest search precedence
23:10:01.614 [Test worker] DEBUG o.s.w.c.s.StandardServletEnvironment - Adding [systemProperties] PropertySource with lowest search precedence
23:10:01.614 [Test worker] DEBUG o.s.w.c.s.StandardServletEnvironment - Adding [systemEnvironment] PropertySource with lowest search precedence
23:10:01.615 [Test worker] DEBUG o.s.w.c.s.StandardServletEnvironment - Initialized StandardServletEnvironment with PropertySources [servletConfigInitParams,servletContextInitParams,systemProperties,systemEnvironment]
23:10:01.616 [Test worker] DEBUG o.s.b.f.s.DefaultListableBeanFactory - Eagerly caching bean 'characterEncodingFilter' to allow for resolving potential circular references
23:10:01.626 [Test worker] DEBUG o.s.b.f.s.DefaultListableBeanFactory - Invoking afterPropertiesSet() on bean with name 'characterEncodingFilter'
23:10:01.627 [Test worker] DEBUG o.s.b.f.s.DefaultListableBeanFactory - Returning cached instance of singleton bean 'org.springframework.transaction.config.internalTransactionAdvisor'
23:10:01.628 [Test worker] DEBUG o.s.b.f.s.DefaultListableBeanFactory - Finished creating instance of bean 'characterEncodingFilter'
23:10:01.628 [Test worker] INFO  o.s.j.e.a.AnnotationMBeanExporter - Registering beans for JMX exposure on startup
23:10:01.628 [Test worker] DEBUG o.s.j.e.a.AnnotationMBeanExporter - Autodetecting user-defined JMX MBeans
23:10:01.634 [Test worker] DEBUG o.s.b.f.s.DefaultListableBeanFactory - Returning cached instance of singleton bean 'authenticationManager'
23:10:01.637 [Test worker] DEBUG o.s.c.s.GenericApplicationContext - Unable to locate LifecycleProcessor with name 'lifecycleProcessor': using default [org.springframework.context.support.DefaultLifecycleProcessor@52adea4c]
23:10:01.638 [Test worker] DEBUG o.s.b.f.s.DefaultListableBeanFactory - Returning cached instance of singleton bean 'lifecycleProcessor'
23:10:01.643 [Test worker] DEBUG o.s.c.e.PropertySourcesPropertyResolver - Searching for key 'spring.liveBeansView.mbeanDomain' in [systemProperties]
23:10:01.643 [Test worker] DEBUG o.s.c.e.PropertySourcesPropertyResolver - Searching for key 'spring.liveBeansView.mbeanDomain' in [systemEnvironment]
23:10:01.643 [Test worker] DEBUG o.s.c.e.PropertySourcesPropertyResolver - Could not find key 'spring.liveBeansView.mbeanDomain' in any property source. Returning [null]
23:10:01.643 [Test worker] DEBUG o.s.t.c.DefaultCacheAwareContextLoaderDelegate - Storing ApplicationContext in cache under key [[MergedContextConfiguration@7ddb68c0 testClass = CallHistoryDAOTest, locations = '{}', classes = '{class ru.spring.Application}', contextInitializerClasses = '[]', activeProfiles = '{}', propertySourceLocations = '{}', propertySourceProperties = '{}', contextLoader = 'org.springframework.test.context.support.DelegatingSmartContextLoader', parent = [null]]]
23:10:01.644 [Test worker] DEBUG o.springframework.test.context.cache - Spring test ApplicationContext cache statistics: [ContextCache@134d72df size = 1, hitCount = 0, missCount = 1, parentContextCount = 0]
23:10:01.648 [Test worker] DEBUG o.s.b.f.annotation.InjectionMetadata - Processing injected element of bean 'dao.test.CallHistoryDAOTest': AutowiredFieldElement for ru.db.dao.CallHistoryDAO dao.test.CallHistoryDAOTest.callHistoryDAO
23:10:01.649 [Test worker] DEBUG o.s.b.f.s.DefaultListableBeanFactory - Returning cached instance of singleton bean 'callHistoryDAO'
23:10:01.649 [Test worker] DEBUG o.s.b.f.a.AutowiredAnnotationBeanPostProcessor - Autowiring by type from bean name 'dao.test.CallHistoryDAOTest' to bean named 'callHistoryDAO'
23:10:01.649 [Test worker] DEBUG o.s.b.f.annotation.InjectionMetadata - Processing injected element of bean 'dao.test.CallHistoryDAOTest': AutowiredFieldElement for ru.db.dao.UserDAO dao.test.CallHistoryDAOTest.userDAO
23:10:01.651 [Test worker] DEBUG o.s.b.f.s.DefaultListableBeanFactory - Returning cached instance of singleton bean 'userDAO'
23:10:01.651 [Test worker] DEBUG o.s.b.f.a.AutowiredAnnotationBeanPostProcessor - Autowiring by type from bean name 'dao.test.CallHistoryDAOTest' to bean named 'userDAO'
23:10:01.652 [Test worker] DEBUG o.s.b.f.s.DefaultListableBeanFactory - Returning cached instance of singleton bean 'org.springframework.transaction.config.internalTransactionAdvisor'
Hibernate: 
    insert 
    into
        users
        (create_date, update_date, password, token, user_name) 
    values
        (?, ?, ?, ?, ?)
Hibernate: 
    insert 
    into
        calls_history
        (call_date, caller_number, user_id) 
    values
        (?, ?, ?)
23:10:01.946 [Test worker] DEBUG o.s.t.c.s.DirtiesContextTestExecutionListener - After test method: context [DefaultTestContext@6eeca264 testClass = CallHistoryDAOTest, testInstance = dao.test.CallHistoryDAOTest@3f3d287c, testMethod = createTest@CallHistoryDAOTest, testException = [null], mergedContextConfiguration = [MergedContextConfiguration@7ddb68c0 testClass = CallHistoryDAOTest, locations = '{}', classes = '{class ru.spring.Application}', contextInitializerClasses = '[]', activeProfiles = '{}', propertySourceLocations = '{}', propertySourceProperties = '{}', contextLoader = 'org.springframework.test.context.support.DelegatingSmartContextLoader', parent = [null]]], class dirties context [false], class mode [null], method dirties context [false].
23:10:01.948 [Test worker] DEBUG o.s.t.c.s.DirtiesContextTestExecutionListener - After test class: context [DefaultTestContext@6eeca264 testClass = CallHistoryDAOTest, testInstance = [null], testMethod = [null], testException = [null], mergedContextConfiguration = [MergedContextConfiguration@7ddb68c0 testClass = CallHistoryDAOTest, locations = '{}', classes = '{class ru.spring.Application}', contextInitializerClasses = '[]', activeProfiles = '{}', propertySourceLocations = '{}', propertySourceProperties = '{}', contextLoader = 'org.springframework.test.context.support.DelegatingSmartContextLoader', parent = [null]]], dirtiesContext [false].
]]></system-out>
  <system-err><![CDATA[]]></system-err>
</testsuite>
